  [1m[35m (0.3ms)[0m  [1m[35mSET NAMES utf8,  @@SESSION.sql_mode = CONCAT(CONCAT(@@sql_mode, ',STRICT_ALL_TABLES'), ',NO_AUTO_VALUE_ON_ZERO'),  @@SESSION.sql_auto_is_null = 0, @@SESSION.wait_timeout = 2147483[0m
  [1m[35m (267.0ms)[0m  [1m[35mCREATE TABLE `schema_migrations` (`version` varchar(255) NOT NULL PRIMARY KEY) ENGINE=InnoDB[0m
  [1m[35m (224.7ms)[0m  [1m[35mCREATE TABLE `ar_internal_metadata` (`key` varchar(255) NOT NULL PRIMARY KEY, `value` varchar(255), `created_at` datetime NOT NULL, `updated_at` datetime NOT NULL) ENGINE=InnoDB[0m
  [1m[35m (0.2ms)[0m  [1m[34mSELECT DATABASE() as db[0m
  [1m[35m (0.2ms)[0m  [1m[34mSELECT GET_LOCK(5125918370818447650, 0)[0m
  [1m[35m (0.3ms)[0m  [1m[34mSELECT `schema_migrations`.`version` FROM `schema_migrations` ORDER BY `schema_migrations`.`version` ASC[0m
Migrating to CreateHolidayRuleDayOfWeeks (20170522174547)
  [1m[35m (243.7ms)[0m  [1m[35mCREATE TABLE `holiday_rule_day_of_weeks` (`id` bigint NOT NULL AUTO_INCREMENT PRIMARY KEY, `dayOfWeekHoliday` int, `created_at` datetime NOT NULL, `updated_at` datetime NOT NULL) ENGINE=InnoDB[0m
  [1m[35m (0.2ms)[0m  [1m[35mBEGIN[0m
  [1m[35mSQL (0.3ms)[0m  [1m[32mINSERT INTO `schema_migrations` (`version`) VALUES ('20170522174547')[0m
  [1m[35m (61.7ms)[0m  [1m[35mCOMMIT[0m
  [1m[36mActiveRecord::InternalMetadata Load (0.3ms)[0m  [1m[34mSELECT  `ar_internal_metadata`.* FROM `ar_internal_metadata` WHERE `ar_internal_metadata`.`key` = 'environment' LIMIT 1[0m
  [1m[35m (0.2ms)[0m  [1m[35mBEGIN[0m
  [1m[35mSQL (0.3ms)[0m  [1m[32mINSERT INTO `ar_internal_metadata` (`key`, `value`, `created_at`, `updated_at`) VALUES ('environment', 'development', '2017-05-22 17:47:17', '2017-05-22 17:47:17')[0m
  [1m[35m (32.2ms)[0m  [1m[35mCOMMIT[0m
  [1m[35m (0.3ms)[0m  [1m[34mSELECT RELEASE_LOCK(5125918370818447650)[0m
  [1m[35m (0.3ms)[0m  [1m[34mSELECT `schema_migrations`.`version` FROM `schema_migrations` ORDER BY `schema_migrations`.`version` ASC[0m
  [1m[35m (0.2ms)[0m  [1m[35mSHOW CREATE TABLE `holiday_rule_day_of_weeks`[0m
  [1m[35m (0.3ms)[0m  [1m[35mSET NAMES utf8,  @@SESSION.sql_mode = CONCAT(CONCAT(@@sql_mode, ',STRICT_ALL_TABLES'), ',NO_AUTO_VALUE_ON_ZERO'),  @@SESSION.sql_auto_is_null = 0, @@SESSION.wait_timeout = 2147483[0m
  [1m[35m (0.3ms)[0m  [1m[34mSELECT `schema_migrations`.`version` FROM `schema_migrations` ORDER BY `schema_migrations`.`version` ASC[0m
  [1m[35m (0.3ms)[0m  [1m[34mSELECT `ar_internal_metadata`.`value` FROM `ar_internal_metadata` WHERE `ar_internal_metadata`.`key` = 'environment'[0m
  [1m[35m (0.2ms)[0m  [1m[34mSELECT `schema_migrations`.`version` FROM `schema_migrations` ORDER BY `schema_migrations`.`version` ASC[0m
  [1m[35m (0.2ms)[0m  [1m[34mSELECT `ar_internal_metadata`.`value` FROM `ar_internal_metadata` WHERE `ar_internal_metadata`.`key` = 'environment'[0m
  [1m[35m (0.3ms)[0m  [1m[34mSELECT `schema_migrations`.`version` FROM `schema_migrations` ORDER BY `schema_migrations`.`version` ASC[0m
  [1m[35m (0.2ms)[0m  [1m[34mSELECT `ar_internal_metadata`.`value` FROM `ar_internal_metadata` WHERE `ar_internal_metadata`.`key` = 'environment'[0m
  [1m[35m (0.2ms)[0m  [1m[35mSET NAMES utf8,  @@SESSION.sql_mode = CONCAT(CONCAT(@@sql_mode, ',STRICT_ALL_TABLES'), ',NO_AUTO_VALUE_ON_ZERO'),  @@SESSION.sql_auto_is_null = 0, @@SESSION.wait_timeout = 2147483[0m
  [1m[35m (417.0ms)[0m  [1m[35mDROP DATABASE IF EXISTS `holiday_calendar_dev`[0m
  [1m[35m (0.4ms)[0m  [1m[35mSET NAMES utf8,  @@SESSION.sql_mode = CONCAT(CONCAT(@@sql_mode, ',STRICT_ALL_TABLES'), ',NO_AUTO_VALUE_ON_ZERO'),  @@SESSION.sql_auto_is_null = 0, @@SESSION.wait_timeout = 2147483[0m
  [1m[35m (32.1ms)[0m  [1m[35mDROP DATABASE IF EXISTS `holiday_calendar_test`[0m
  [1m[35m (0.3ms)[0m  [1m[35mSET NAMES utf8,  @@SESSION.sql_mode = CONCAT(CONCAT(@@sql_mode, ',STRICT_ALL_TABLES'), ',NO_AUTO_VALUE_ON_ZERO'),  @@SESSION.sql_auto_is_null = 0, @@SESSION.wait_timeout = 2147483[0m
  [1m[35m (222.1ms)[0m  [1m[35mCREATE TABLE `schema_migrations` (`version` varchar(255) NOT NULL PRIMARY KEY) ENGINE=InnoDB[0m
  [1m[35m (273.5ms)[0m  [1m[35mCREATE TABLE `ar_internal_metadata` (`key` varchar(255) NOT NULL PRIMARY KEY, `value` varchar(255), `created_at` datetime NOT NULL, `updated_at` datetime NOT NULL) ENGINE=InnoDB[0m
  [1m[35m (0.3ms)[0m  [1m[34mSELECT DATABASE() as db[0m
  [1m[35m (0.3ms)[0m  [1m[34mSELECT GET_LOCK(5125918370818447650, 0)[0m
  [1m[35m (0.3ms)[0m  [1m[34mSELECT `schema_migrations`.`version` FROM `schema_migrations` ORDER BY `schema_migrations`.`version` ASC[0m
Migrating to CreateHolidayRuleDayOfWeeks (20170522174547)
  [1m[35m (247.2ms)[0m  [1m[35mCREATE TABLE `holiday_rule_day_of_weeks` (`id` bigint NOT NULL AUTO_INCREMENT PRIMARY KEY, `day_of_week_holiday` int, `created_at` datetime NOT NULL, `updated_at` datetime NOT NULL) ENGINE=InnoDB[0m
  [1m[35m (0.2ms)[0m  [1m[35mBEGIN[0m
  [1m[35mSQL (0.4ms)[0m  [1m[32mINSERT INTO `schema_migrations` (`version`) VALUES ('20170522174547')[0m
  [1m[35m (28.1ms)[0m  [1m[35mCOMMIT[0m
  [1m[36mActiveRecord::InternalMetadata Load (0.4ms)[0m  [1m[34mSELECT  `ar_internal_metadata`.* FROM `ar_internal_metadata` WHERE `ar_internal_metadata`.`key` = 'environment' LIMIT 1[0m
  [1m[35m (0.2ms)[0m  [1m[35mBEGIN[0m
  [1m[35mSQL (0.3ms)[0m  [1m[32mINSERT INTO `ar_internal_metadata` (`key`, `value`, `created_at`, `updated_at`) VALUES ('environment', 'development', '2017-05-22 17:50:00', '2017-05-22 17:50:00')[0m
  [1m[35m (29.4ms)[0m  [1m[35mCOMMIT[0m
  [1m[35m (0.3ms)[0m  [1m[34mSELECT RELEASE_LOCK(5125918370818447650)[0m
  [1m[35m (0.3ms)[0m  [1m[34mSELECT `schema_migrations`.`version` FROM `schema_migrations` ORDER BY `schema_migrations`.`version` ASC[0m
  [1m[35m (0.2ms)[0m  [1m[35mSHOW CREATE TABLE `holiday_rule_day_of_weeks`[0m
  [1m[35m (0.4ms)[0m  [1m[35mSET NAMES utf8,  @@SESSION.sql_mode = CONCAT(CONCAT(@@sql_mode, ',STRICT_ALL_TABLES'), ',NO_AUTO_VALUE_ON_ZERO'),  @@SESSION.sql_auto_is_null = 0, @@SESSION.wait_timeout = 2147483[0m
  [1m[35m (0.2ms)[0m  [1m[34mSELECT DATABASE() as db[0m
  [1m[35m (0.1ms)[0m  [1m[34mSELECT GET_LOCK(5125918370818447650, 0)[0m
  [1m[35m (0.2ms)[0m  [1m[34mSELECT `schema_migrations`.`version` FROM `schema_migrations` ORDER BY `schema_migrations`.`version` ASC[0m
Migrating to CreateHolidayRuleDayOfMonths (20170522175341)
  [1m[35m (241.9ms)[0m  [1m[35mCREATE TABLE `holiday_rule_day_of_months` (`id` bigint NOT NULL AUTO_INCREMENT PRIMARY KEY, `month` int, `day_of_month` int, `created_at` datetime NOT NULL, `updated_at` datetime NOT NULL) ENGINE=InnoDB[0m
  [1m[35m (0.2ms)[0m  [1m[35mBEGIN[0m
  [1m[35mSQL (0.4ms)[0m  [1m[32mINSERT INTO `schema_migrations` (`version`) VALUES ('20170522175341')[0m
  [1m[35m (61.4ms)[0m  [1m[35mCOMMIT[0m
Migrating to CreateHolidayRuleDates (20170522175556)
  [1m[35m (241.7ms)[0m  [1m[35mCREATE TABLE `holiday_rule_dates` (`id` bigint NOT NULL AUTO_INCREMENT PRIMARY KEY, `date_holiday` date, `created_at` datetime NOT NULL, `updated_at` datetime NOT NULL) ENGINE=InnoDB[0m
  [1m[35m (0.2ms)[0m  [1m[35mBEGIN[0m
  [1m[35mSQL (0.3ms)[0m  [1m[32mINSERT INTO `schema_migrations` (`version`) VALUES ('20170522175556')[0m
  [1m[35m (31.6ms)[0m  [1m[35mCOMMIT[0m
  [1m[36mActiveRecord::InternalMetadata Load (0.3ms)[0m  [1m[34mSELECT  `ar_internal_metadata`.* FROM `ar_internal_metadata` WHERE `ar_internal_metadata`.`key` = 'environment' LIMIT 1[0m
  [1m[35m (0.2ms)[0m  [1m[35mBEGIN[0m
  [1m[35m (0.1ms)[0m  [1m[35mCOMMIT[0m
  [1m[35m (0.3ms)[0m  [1m[34mSELECT RELEASE_LOCK(5125918370818447650)[0m
  [1m[35m (0.3ms)[0m  [1m[34mSELECT `schema_migrations`.`version` FROM `schema_migrations` ORDER BY `schema_migrations`.`version` ASC[0m
  [1m[35m (0.2ms)[0m  [1m[35mSHOW CREATE TABLE `holiday_rule_dates`[0m
  [1m[35m (0.2ms)[0m  [1m[35mSHOW CREATE TABLE `holiday_rule_day_of_months`[0m
  [1m[35m (0.2ms)[0m  [1m[35mSHOW CREATE TABLE `holiday_rule_day_of_weeks`[0m
  [1m[35m (0.3ms)[0m  [1m[35mSET NAMES utf8,  @@SESSION.sql_mode = CONCAT(CONCAT(@@sql_mode, ',STRICT_ALL_TABLES'), ',NO_AUTO_VALUE_ON_ZERO'),  @@SESSION.sql_auto_is_null = 0, @@SESSION.wait_timeout = 2147483[0m
  [1m[35m (0.2ms)[0m  [1m[34mSELECT DATABASE() as db[0m
  [1m[35m (0.2ms)[0m  [1m[34mSELECT GET_LOCK(5125918370818447650, 0)[0m
  [1m[35m (0.3ms)[0m  [1m[34mSELECT `schema_migrations`.`version` FROM `schema_migrations` ORDER BY `schema_migrations`.`version` ASC[0m
Migrating to CreateHolidayRuleWithIntervals (20170522181315)
  [1m[35m (225.3ms)[0m  [1m[35mCREATE TABLE `holiday_rule_with_intervals` (`id` bigint NOT NULL AUTO_INCREMENT PRIMARY KEY, `holiday_rule_id` bigint, `begins` date, `ends` date, `created_at` datetime NOT NULL, `updated_at` datetime NOT NULL,  INDEX `index_holiday_rule_with_intervals_on_holiday_rule_id`  (`holiday_rule_id`), CONSTRAINT `fk_rails_faf947ae1e`
FOREIGN KEY (`holiday_rule_id`)
  REFERENCES `holiday_rules` (`id`)
) ENGINE=InnoDB[0m
  [1m[35m (0.3ms)[0m  [1m[34mSELECT RELEASE_LOCK(5125918370818447650)[0m
  [1m[35m (0.3ms)[0m  [1m[35mSET NAMES utf8,  @@SESSION.sql_mode = CONCAT(CONCAT(@@sql_mode, ',STRICT_ALL_TABLES'), ',NO_AUTO_VALUE_ON_ZERO'),  @@SESSION.sql_auto_is_null = 0, @@SESSION.wait_timeout = 2147483[0m
  [1m[35m (0.2ms)[0m  [1m[34mSELECT `schema_migrations`.`version` FROM `schema_migrations` ORDER BY `schema_migrations`.`version` ASC[0m
  [1m[35m (0.3ms)[0m  [1m[34mSELECT `ar_internal_metadata`.`value` FROM `ar_internal_metadata` WHERE `ar_internal_metadata`.`key` = 'environment'[0m
  [1m[35m (0.2ms)[0m  [1m[34mSELECT `schema_migrations`.`version` FROM `schema_migrations` ORDER BY `schema_migrations`.`version` ASC[0m
  [1m[35m (0.2ms)[0m  [1m[34mSELECT `ar_internal_metadata`.`value` FROM `ar_internal_metadata` WHERE `ar_internal_metadata`.`key` = 'environment'[0m
  [1m[35m (0.2ms)[0m  [1m[34mSELECT `schema_migrations`.`version` FROM `schema_migrations` ORDER BY `schema_migrations`.`version` ASC[0m
  [1m[35m (0.2ms)[0m  [1m[34mSELECT `ar_internal_metadata`.`value` FROM `ar_internal_metadata` WHERE `ar_internal_metadata`.`key` = 'environment'[0m
  [1m[35m (0.2ms)[0m  [1m[35mSET NAMES utf8,  @@SESSION.sql_mode = CONCAT(CONCAT(@@sql_mode, ',STRICT_ALL_TABLES'), ',NO_AUTO_VALUE_ON_ZERO'),  @@SESSION.sql_auto_is_null = 0, @@SESSION.wait_timeout = 2147483[0m
  [1m[35m (673.3ms)[0m  [1m[35mDROP DATABASE IF EXISTS `holiday_calendar_dev`[0m
  [1m[35m (0.3ms)[0m  [1m[35mSET NAMES utf8,  @@SESSION.sql_mode = CONCAT(CONCAT(@@sql_mode, ',STRICT_ALL_TABLES'), ',NO_AUTO_VALUE_ON_ZERO'),  @@SESSION.sql_auto_is_null = 0, @@SESSION.wait_timeout = 2147483[0m
  [1m[35m (31.3ms)[0m  [1m[35mDROP DATABASE IF EXISTS `holiday_calendar_test`[0m
  [1m[35m (0.3ms)[0m  [1m[35mSET NAMES utf8,  @@SESSION.sql_mode = CONCAT(CONCAT(@@sql_mode, ',STRICT_ALL_TABLES'), ',NO_AUTO_VALUE_ON_ZERO'),  @@SESSION.sql_auto_is_null = 0, @@SESSION.wait_timeout = 2147483[0m
  [1m[35m (0.2ms)[0m  [1m[35mSET NAMES utf8,  @@SESSION.sql_mode = CONCAT(CONCAT(@@sql_mode, ',STRICT_ALL_TABLES'), ',NO_AUTO_VALUE_ON_ZERO'),  @@SESSION.sql_auto_is_null = 0, @@SESSION.wait_timeout = 2147483[0m
  [1m[35m (0.5ms)[0m  [1m[35mDROP DATABASE IF EXISTS `holiday_calendar_dev`[0m
  [1m[35m (0.2ms)[0m  [1m[35mSET NAMES utf8,  @@SESSION.sql_mode = CONCAT(CONCAT(@@sql_mode, ',STRICT_ALL_TABLES'), ',NO_AUTO_VALUE_ON_ZERO'),  @@SESSION.sql_auto_is_null = 0, @@SESSION.wait_timeout = 2147483[0m
  [1m[35m (687.5ms)[0m  [1m[35mDROP DATABASE IF EXISTS `holiday_calendar_test`[0m
  [1m[35m (0.3ms)[0m  [1m[35mSET NAMES utf8,  @@SESSION.sql_mode = CONCAT(CONCAT(@@sql_mode, ',STRICT_ALL_TABLES'), ',NO_AUTO_VALUE_ON_ZERO'),  @@SESSION.sql_auto_is_null = 0, @@SESSION.wait_timeout = 2147483[0m
  [1m[35m (226.4ms)[0m  [1m[35mCREATE TABLE `schema_migrations` (`version` varchar(255) NOT NULL PRIMARY KEY) ENGINE=InnoDB[0m
  [1m[35m (230.9ms)[0m  [1m[35mCREATE TABLE `ar_internal_metadata` (`key` varchar(255) NOT NULL PRIMARY KEY, `value` varchar(255), `created_at` datetime NOT NULL, `updated_at` datetime NOT NULL) ENGINE=InnoDB[0m
  [1m[35m (0.3ms)[0m  [1m[34mSELECT DATABASE() as db[0m
  [1m[35m (0.3ms)[0m  [1m[34mSELECT GET_LOCK(5125918370818447650, 0)[0m
  [1m[35m (0.3ms)[0m  [1m[34mSELECT `schema_migrations`.`version` FROM `schema_migrations` ORDER BY `schema_migrations`.`version` ASC[0m
Migrating to CreateHolidayRuleDayOfWeeks (20170522174547)
  [1m[35m (236.0ms)[0m  [1m[35mCREATE TABLE `holiday_rule_day_of_weeks` (`id` bigint NOT NULL AUTO_INCREMENT PRIMARY KEY, `day_of_week_holiday` int, `created_at` datetime NOT NULL, `updated_at` datetime NOT NULL) ENGINE=InnoDB[0m
  [1m[35m (0.2ms)[0m  [1m[35mBEGIN[0m
  [1m[35mSQL (0.3ms)[0m  [1m[32mINSERT INTO `schema_migrations` (`version`) VALUES ('20170522174547')[0m
  [1m[35m (36.0ms)[0m  [1m[35mCOMMIT[0m
Migrating to CreateHolidayRuleDayOfMonths (20170522175341)
  [1m[35m (233.3ms)[0m  [1m[35mCREATE TABLE `holiday_rule_day_of_months` (`id` bigint NOT NULL AUTO_INCREMENT PRIMARY KEY, `month` int, `day_of_month` int, `created_at` datetime NOT NULL, `updated_at` datetime NOT NULL) ENGINE=InnoDB[0m
  [1m[35m (0.3ms)[0m  [1m[35mBEGIN[0m
  [1m[35mSQL (0.4ms)[0m  [1m[32mINSERT INTO `schema_migrations` (`version`) VALUES ('20170522175341')[0m
  [1m[35m (64.2ms)[0m  [1m[35mCOMMIT[0m
Migrating to CreateHolidayRuleDates (20170522175556)
  [1m[35m (266.8ms)[0m  [1m[35mCREATE TABLE `holiday_rule_dates` (`id` bigint NOT NULL AUTO_INCREMENT PRIMARY KEY, `date_holiday` date, `created_at` datetime NOT NULL, `updated_at` datetime NOT NULL) ENGINE=InnoDB[0m
  [1m[35m (0.2ms)[0m  [1m[35mBEGIN[0m
  [1m[35mSQL (0.3ms)[0m  [1m[32mINSERT INTO `schema_migrations` (`version`) VALUES ('20170522175556')[0m
  [1m[35m (31.4ms)[0m  [1m[35mCOMMIT[0m
Migrating to CreateHolidayRuleWithIntervals (20170522181315)
  [1m[35m (249.3ms)[0m  [1m[35mCREATE TABLE `holiday_rule_with_intervals` (`id` bigint NOT NULL AUTO_INCREMENT PRIMARY KEY, `holiday_rule_id` bigint, `begins` date, `ends` date, `created_at` datetime NOT NULL, `updated_at` datetime NOT NULL,  INDEX `index_holiday_rule_with_intervals_on_holiday_rule_id`  (`holiday_rule_id`), CONSTRAINT `fk_rails_faf947ae1e`
FOREIGN KEY (`holiday_rule_id`)
  REFERENCES `holiday_rules` (`id`)
) ENGINE=InnoDB[0m
  [1m[35m (0.4ms)[0m  [1m[34mSELECT RELEASE_LOCK(5125918370818447650)[0m
  [1m[35m (0.3ms)[0m  [1m[35mSET NAMES utf8,  @@SESSION.sql_mode = CONCAT(CONCAT(@@sql_mode, ',STRICT_ALL_TABLES'), ',NO_AUTO_VALUE_ON_ZERO'),  @@SESSION.sql_auto_is_null = 0, @@SESSION.wait_timeout = 2147483[0m
  [1m[35m (0.3ms)[0m  [1m[34mSELECT `schema_migrations`.`version` FROM `schema_migrations` ORDER BY `schema_migrations`.`version` ASC[0m
  [1m[35m (0.2ms)[0m  [1m[34mSELECT `ar_internal_metadata`.`value` FROM `ar_internal_metadata` WHERE `ar_internal_metadata`.`key` = 'environment'[0m
  [1m[35m (0.3ms)[0m  [1m[35mSET NAMES utf8,  @@SESSION.sql_mode = CONCAT(CONCAT(@@sql_mode, ',STRICT_ALL_TABLES'), ',NO_AUTO_VALUE_ON_ZERO'),  @@SESSION.sql_auto_is_null = 0, @@SESSION.wait_timeout = 2147483[0m
  [1m[35m (0.2ms)[0m  [1m[34mSELECT DATABASE() as db[0m
  [1m[35m (0.2ms)[0m  [1m[34mSELECT GET_LOCK(5125918370818447650, 0)[0m
  [1m[35m (0.2ms)[0m  [1m[34mSELECT `schema_migrations`.`version` FROM `schema_migrations` ORDER BY `schema_migrations`.`version` ASC[0m
Migrating to CreateHolidayRuleWithIntervals (20170522181315)
  [1m[35m (0.3ms)[0m  [1m[34mSELECT RELEASE_LOCK(5125918370818447650)[0m
  [1m[35m (0.3ms)[0m  [1m[35mSET NAMES utf8,  @@SESSION.sql_mode = CONCAT(CONCAT(@@sql_mode, ',STRICT_ALL_TABLES'), ',NO_AUTO_VALUE_ON_ZERO'),  @@SESSION.sql_auto_is_null = 0, @@SESSION.wait_timeout = 2147483[0m
  [1m[35m (0.3ms)[0m  [1m[34mSELECT `schema_migrations`.`version` FROM `schema_migrations` ORDER BY `schema_migrations`.`version` ASC[0m
  [1m[35m (0.3ms)[0m  [1m[34mSELECT `ar_internal_metadata`.`value` FROM `ar_internal_metadata` WHERE `ar_internal_metadata`.`key` = 'environment'[0m
  [1m[35m (0.3ms)[0m  [1m[35mSET NAMES utf8,  @@SESSION.sql_mode = CONCAT(CONCAT(@@sql_mode, ',STRICT_ALL_TABLES'), ',NO_AUTO_VALUE_ON_ZERO'),  @@SESSION.sql_auto_is_null = 0, @@SESSION.wait_timeout = 2147483[0m
  [1m[35m (0.2ms)[0m  [1m[34mSELECT DATABASE() as db[0m
  [1m[35m (0.2ms)[0m  [1m[34mSELECT GET_LOCK(5125918370818447650, 0)[0m
  [1m[35m (0.2ms)[0m  [1m[34mSELECT `schema_migrations`.`version` FROM `schema_migrations` ORDER BY `schema_migrations`.`version` ASC[0m
Migrating to CreateHolidayRuleWithIntervals (20170522181315)
  [1m[35m (0.2ms)[0m  [1m[34mSELECT RELEASE_LOCK(5125918370818447650)[0m
  [1m[35m (0.3ms)[0m  [1m[35mSET NAMES utf8,  @@SESSION.sql_mode = CONCAT(CONCAT(@@sql_mode, ',STRICT_ALL_TABLES'), ',NO_AUTO_VALUE_ON_ZERO'),  @@SESSION.sql_auto_is_null = 0, @@SESSION.wait_timeout = 2147483[0m
  [1m[35m (0.3ms)[0m  [1m[34mSELECT `schema_migrations`.`version` FROM `schema_migrations` ORDER BY `schema_migrations`.`version` ASC[0m
  [1m[35m (0.2ms)[0m  [1m[34mSELECT `ar_internal_metadata`.`value` FROM `ar_internal_metadata` WHERE `ar_internal_metadata`.`key` = 'environment'[0m
  [1m[35m (0.3ms)[0m  [1m[35mSET NAMES utf8,  @@SESSION.sql_mode = CONCAT(CONCAT(@@sql_mode, ',STRICT_ALL_TABLES'), ',NO_AUTO_VALUE_ON_ZERO'),  @@SESSION.sql_auto_is_null = 0, @@SESSION.wait_timeout = 2147483[0m
  [1m[35m (0.1ms)[0m  [1m[34mSELECT DATABASE() as db[0m
  [1m[35m (0.2ms)[0m  [1m[34mSELECT GET_LOCK(5125918370818447650, 0)[0m
  [1m[35m (0.2ms)[0m  [1m[34mSELECT `schema_migrations`.`version` FROM `schema_migrations` ORDER BY `schema_migrations`.`version` ASC[0m
Migrating to CreateHolidayRuleWithIntervals (20170522183551)
  [1m[35m (242.0ms)[0m  [1m[35mCREATE TABLE `holiday_rule_with_intervals` (`id` bigint NOT NULL AUTO_INCREMENT PRIMARY KEY, `holiday_rule_id` bigint, `start` date, `end` date, `created_at` datetime NOT NULL, `updated_at` datetime NOT NULL,  INDEX `index_holiday_rule_with_intervals_on_holiday_rule_id`  (`holiday_rule_id`), CONSTRAINT `fk_rails_faf947ae1e`
FOREIGN KEY (`holiday_rule_id`)
  REFERENCES `holiday_rules` (`id`)
) ENGINE=InnoDB[0m
  [1m[35m (0.2ms)[0m  [1m[34mSELECT RELEASE_LOCK(5125918370818447650)[0m
  [1m[35m (0.4ms)[0m  [1m[35mSET NAMES utf8,  @@SESSION.sql_mode = CONCAT(CONCAT(@@sql_mode, ',STRICT_ALL_TABLES'), ',NO_AUTO_VALUE_ON_ZERO'),  @@SESSION.sql_auto_is_null = 0, @@SESSION.wait_timeout = 2147483[0m
  [1m[35m (0.2ms)[0m  [1m[34mSELECT DATABASE() as db[0m
  [1m[35m (0.3ms)[0m  [1m[34mSELECT GET_LOCK(5125918370818447650, 0)[0m
  [1m[35m (0.2ms)[0m  [1m[34mSELECT `schema_migrations`.`version` FROM `schema_migrations` ORDER BY `schema_migrations`.`version` ASC[0m
  [1m[36mActiveRecord::InternalMetadata Load (0.3ms)[0m  [1m[34mSELECT  `ar_internal_metadata`.* FROM `ar_internal_metadata` WHERE `ar_internal_metadata`.`key` = 'environment' LIMIT 1[0m
  [1m[35m (0.2ms)[0m  [1m[35mBEGIN[0m
  [1m[35mSQL (0.3ms)[0m  [1m[32mINSERT INTO `ar_internal_metadata` (`key`, `value`, `created_at`, `updated_at`) VALUES ('environment', 'development', '2017-05-22 18:38:00', '2017-05-22 18:38:00')[0m
  [1m[35m (74.2ms)[0m  [1m[35mCOMMIT[0m
  [1m[35m (0.2ms)[0m  [1m[34mSELECT RELEASE_LOCK(5125918370818447650)[0m
  [1m[35m (0.2ms)[0m  [1m[34mSELECT `schema_migrations`.`version` FROM `schema_migrations` ORDER BY `schema_migrations`.`version` ASC[0m
  [1m[35m (0.2ms)[0m  [1m[35mSHOW CREATE TABLE `holiday_rule_dates`[0m
  [1m[35m (0.2ms)[0m  [1m[35mSHOW CREATE TABLE `holiday_rule_day_of_months`[0m
  [1m[35m (0.1ms)[0m  [1m[35mSHOW CREATE TABLE `holiday_rule_day_of_weeks`[0m
  [1m[35m (0.3ms)[0m  [1m[35mSET NAMES utf8,  @@SESSION.sql_mode = CONCAT(CONCAT(@@sql_mode, ',STRICT_ALL_TABLES'), ',NO_AUTO_VALUE_ON_ZERO'),  @@SESSION.sql_auto_is_null = 0, @@SESSION.wait_timeout = 2147483[0m
  [1m[35m (0.1ms)[0m  [1m[34mSELECT DATABASE() as db[0m
  [1m[35m (0.2ms)[0m  [1m[34mSELECT GET_LOCK(5125918370818447650, 0)[0m
  [1m[35m (0.3ms)[0m  [1m[34mSELECT `schema_migrations`.`version` FROM `schema_migrations` ORDER BY `schema_migrations`.`version` ASC[0m
  [1m[36mActiveRecord::InternalMetadata Load (0.3ms)[0m  [1m[34mSELECT  `ar_internal_metadata`.* FROM `ar_internal_metadata` WHERE `ar_internal_metadata`.`key` = 'environment' LIMIT 1[0m
  [1m[35m (0.2ms)[0m  [1m[35mBEGIN[0m
  [1m[35m (0.2ms)[0m  [1m[35mCOMMIT[0m
  [1m[35m (0.2ms)[0m  [1m[34mSELECT RELEASE_LOCK(5125918370818447650)[0m
  [1m[35m (0.3ms)[0m  [1m[34mSELECT `schema_migrations`.`version` FROM `schema_migrations` ORDER BY `schema_migrations`.`version` ASC[0m
  [1m[35m (0.1ms)[0m  [1m[35mSHOW CREATE TABLE `holiday_rule_dates`[0m
  [1m[35m (0.1ms)[0m  [1m[35mSHOW CREATE TABLE `holiday_rule_day_of_months`[0m
  [1m[35m (0.1ms)[0m  [1m[35mSHOW CREATE TABLE `holiday_rule_day_of_weeks`[0m
  [1m[35m (0.3ms)[0m  [1m[35mSET NAMES utf8,  @@SESSION.sql_mode = CONCAT(CONCAT(@@sql_mode, ',STRICT_ALL_TABLES'), ',NO_AUTO_VALUE_ON_ZERO'),  @@SESSION.sql_auto_is_null = 0, @@SESSION.wait_timeout = 2147483[0m
  [1m[35m (0.3ms)[0m  [1m[34mSELECT `schema_migrations`.`version` FROM `schema_migrations` ORDER BY `schema_migrations`.`version` ASC[0m
  [1m[35m (0.3ms)[0m  [1m[34mSELECT `ar_internal_metadata`.`value` FROM `ar_internal_metadata` WHERE `ar_internal_metadata`.`key` = 'environment'[0m
  [1m[35m (0.2ms)[0m  [1m[34mSELECT `schema_migrations`.`version` FROM `schema_migrations` ORDER BY `schema_migrations`.`version` ASC[0m
  [1m[35m (0.2ms)[0m  [1m[34mSELECT `ar_internal_metadata`.`value` FROM `ar_internal_metadata` WHERE `ar_internal_metadata`.`key` = 'environment'[0m
  [1m[35m (0.2ms)[0m  [1m[34mSELECT `schema_migrations`.`version` FROM `schema_migrations` ORDER BY `schema_migrations`.`version` ASC[0m
  [1m[35m (0.2ms)[0m  [1m[34mSELECT `ar_internal_metadata`.`value` FROM `ar_internal_metadata` WHERE `ar_internal_metadata`.`key` = 'environment'[0m
  [1m[35m (0.2ms)[0m  [1m[35mSET NAMES utf8,  @@SESSION.sql_mode = CONCAT(CONCAT(@@sql_mode, ',STRICT_ALL_TABLES'), ',NO_AUTO_VALUE_ON_ZERO'),  @@SESSION.sql_auto_is_null = 0, @@SESSION.wait_timeout = 2147483[0m
  [1m[35m (713.5ms)[0m  [1m[35mDROP DATABASE IF EXISTS `holiday_calendar_dev`[0m
  [1m[35m (0.3ms)[0m  [1m[35mSET NAMES utf8,  @@SESSION.sql_mode = CONCAT(CONCAT(@@sql_mode, ',STRICT_ALL_TABLES'), ',NO_AUTO_VALUE_ON_ZERO'),  @@SESSION.sql_auto_is_null = 0, @@SESSION.wait_timeout = 2147483[0m
  [1m[35m (39.7ms)[0m  [1m[35mDROP DATABASE IF EXISTS `holiday_calendar_test`[0m
  [1m[35m (0.4ms)[0m  [1m[35mSET NAMES utf8,  @@SESSION.sql_mode = CONCAT(CONCAT(@@sql_mode, ',STRICT_ALL_TABLES'), ',NO_AUTO_VALUE_ON_ZERO'),  @@SESSION.sql_auto_is_null = 0, @@SESSION.wait_timeout = 2147483[0m
  [1m[35m (238.4ms)[0m  [1m[35mCREATE TABLE `schema_migrations` (`version` varchar(255) NOT NULL PRIMARY KEY) ENGINE=InnoDB[0m
  [1m[35m (215.0ms)[0m  [1m[35mCREATE TABLE `ar_internal_metadata` (`key` varchar(255) NOT NULL PRIMARY KEY, `value` varchar(255), `created_at` datetime NOT NULL, `updated_at` datetime NOT NULL) ENGINE=InnoDB[0m
  [1m[35m (0.3ms)[0m  [1m[34mSELECT DATABASE() as db[0m
  [1m[35m (0.3ms)[0m  [1m[34mSELECT GET_LOCK(5125918370818447650, 0)[0m
  [1m[35m (0.3ms)[0m  [1m[34mSELECT `schema_migrations`.`version` FROM `schema_migrations` ORDER BY `schema_migrations`.`version` ASC[0m
Migrating to CreateHolidayRuleDayOfWeeks (20170522174547)
  [1m[35m (343.8ms)[0m  [1m[35mCREATE TABLE `holiday_rule_day_of_weeks` (`id` bigint NOT NULL AUTO_INCREMENT PRIMARY KEY, `day_of_week_holiday` int, `created_at` datetime NOT NULL, `updated_at` datetime NOT NULL) ENGINE=InnoDB[0m
  [1m[35m (0.2ms)[0m  [1m[35mBEGIN[0m
  [1m[35mSQL (0.4ms)[0m  [1m[32mINSERT INTO `schema_migrations` (`version`) VALUES ('20170522174547')[0m
  [1m[35m (220.4ms)[0m  [1m[35mCOMMIT[0m
Migrating to CreateHolidayRuleDayOfMonths (20170522175341)
  [1m[35m (233.4ms)[0m  [1m[35mCREATE TABLE `holiday_rule_day_of_months` (`id` bigint NOT NULL AUTO_INCREMENT PRIMARY KEY, `month` int, `day_of_month` int, `created_at` datetime NOT NULL, `updated_at` datetime NOT NULL) ENGINE=InnoDB[0m
  [1m[35m (0.2ms)[0m  [1m[35mBEGIN[0m
  [1m[35mSQL (0.3ms)[0m  [1m[32mINSERT INTO `schema_migrations` (`version`) VALUES ('20170522175341')[0m
  [1m[35m (64.9ms)[0m  [1m[35mCOMMIT[0m
Migrating to CreateHolidayRuleDates (20170522175556)
  [1m[35m (266.8ms)[0m  [1m[35mCREATE TABLE `holiday_rule_dates` (`id` bigint NOT NULL AUTO_INCREMENT PRIMARY KEY, `date_holiday` date, `created_at` datetime NOT NULL, `updated_at` datetime NOT NULL) ENGINE=InnoDB[0m
  [1m[35m (0.3ms)[0m  [1m[35mBEGIN[0m
  [1m[35mSQL (0.4ms)[0m  [1m[32mINSERT INTO `schema_migrations` (`version`) VALUES ('20170522175556')[0m
  [1m[35m (31.4ms)[0m  [1m[35mCOMMIT[0m
Migrating to CreateHolidayRuleWithIntervals (20170522183901)
  [1m[35m (0.3ms)[0m  [1m[34mSELECT RELEASE_LOCK(5125918370818447650)[0m
  [1m[35m (0.3ms)[0m  [1m[35mSET NAMES utf8,  @@SESSION.sql_mode = CONCAT(CONCAT(@@sql_mode, ',STRICT_ALL_TABLES'), ',NO_AUTO_VALUE_ON_ZERO'),  @@SESSION.sql_auto_is_null = 0, @@SESSION.wait_timeout = 2147483[0m
  [1m[35m (0.3ms)[0m  [1m[34mSELECT `schema_migrations`.`version` FROM `schema_migrations` ORDER BY `schema_migrations`.`version` ASC[0m
  [1m[35m (0.2ms)[0m  [1m[34mSELECT `ar_internal_metadata`.`value` FROM `ar_internal_metadata` WHERE `ar_internal_metadata`.`key` = 'environment'[0m
  [1m[35m (0.3ms)[0m  [1m[35mSET NAMES utf8,  @@SESSION.sql_mode = CONCAT(CONCAT(@@sql_mode, ',STRICT_ALL_TABLES'), ',NO_AUTO_VALUE_ON_ZERO'),  @@SESSION.sql_auto_is_null = 0, @@SESSION.wait_timeout = 2147483[0m
  [1m[35m (0.3ms)[0m  [1m[34mSELECT `schema_migrations`.`version` FROM `schema_migrations` ORDER BY `schema_migrations`.`version` ASC[0m
  [1m[35m (0.2ms)[0m  [1m[34mSELECT `ar_internal_metadata`.`value` FROM `ar_internal_metadata` WHERE `ar_internal_metadata`.`key` = 'environment'[0m
  [1m[35m (0.3ms)[0m  [1m[35mSET NAMES utf8,  @@SESSION.sql_mode = CONCAT(CONCAT(@@sql_mode, ',STRICT_ALL_TABLES'), ',NO_AUTO_VALUE_ON_ZERO'),  @@SESSION.sql_auto_is_null = 0, @@SESSION.wait_timeout = 2147483[0m
  [1m[35m (0.2ms)[0m  [1m[34mSELECT DATABASE() as db[0m
  [1m[35m (0.2ms)[0m  [1m[34mSELECT GET_LOCK(5125918370818447650, 0)[0m
  [1m[35m (0.2ms)[0m  [1m[34mSELECT `schema_migrations`.`version` FROM `schema_migrations` ORDER BY `schema_migrations`.`version` ASC[0m
Migrating to CreateHolidayRuleWithIntervals (20170522183901)
  [1m[35m (0.2ms)[0m  [1m[34mSELECT RELEASE_LOCK(5125918370818447650)[0m
  [1m[35m (0.3ms)[0m  [1m[35mSET NAMES utf8,  @@SESSION.sql_mode = CONCAT(CONCAT(@@sql_mode, ',STRICT_ALL_TABLES'), ',NO_AUTO_VALUE_ON_ZERO'),  @@SESSION.sql_auto_is_null = 0, @@SESSION.wait_timeout = 2147483[0m
  [1m[35m (0.2ms)[0m  [1m[34mSELECT DATABASE() as db[0m
  [1m[35m (0.1ms)[0m  [1m[34mSELECT GET_LOCK(5125918370818447650, 0)[0m
  [1m[35m (0.2ms)[0m  [1m[34mSELECT `schema_migrations`.`version` FROM `schema_migrations` ORDER BY `schema_migrations`.`version` ASC[0m
Migrating to CreateHolidayRuleWithIntervals (20170522183901)
  [1m[35m (0.2ms)[0m  [1m[34mSELECT RELEASE_LOCK(5125918370818447650)[0m
  [1m[35m (0.4ms)[0m  [1m[35mSET NAMES utf8,  @@SESSION.sql_mode = CONCAT(CONCAT(@@sql_mode, ',STRICT_ALL_TABLES'), ',NO_AUTO_VALUE_ON_ZERO'),  @@SESSION.sql_auto_is_null = 0, @@SESSION.wait_timeout = 2147483[0m
  [1m[35m (0.3ms)[0m  [1m[34mSELECT `schema_migrations`.`version` FROM `schema_migrations` ORDER BY `schema_migrations`.`version` ASC[0m
  [1m[35m (0.2ms)[0m  [1m[34mSELECT `ar_internal_metadata`.`value` FROM `ar_internal_metadata` WHERE `ar_internal_metadata`.`key` = 'environment'[0m
  [1m[35m (0.3ms)[0m  [1m[35mSET NAMES utf8,  @@SESSION.sql_mode = CONCAT(CONCAT(@@sql_mode, ',STRICT_ALL_TABLES'), ',NO_AUTO_VALUE_ON_ZERO'),  @@SESSION.sql_auto_is_null = 0, @@SESSION.wait_timeout = 2147483[0m
  [1m[35m (0.3ms)[0m  [1m[34mSELECT `schema_migrations`.`version` FROM `schema_migrations` ORDER BY `schema_migrations`.`version` ASC[0m
  [1m[35m (0.2ms)[0m  [1m[34mSELECT `ar_internal_metadata`.`value` FROM `ar_internal_metadata` WHERE `ar_internal_metadata`.`key` = 'environment'[0m
  [1m[35m (0.3ms)[0m  [1m[35mSET NAMES utf8,  @@SESSION.sql_mode = CONCAT(CONCAT(@@sql_mode, ',STRICT_ALL_TABLES'), ',NO_AUTO_VALUE_ON_ZERO'),  @@SESSION.sql_auto_is_null = 0, @@SESSION.wait_timeout = 2147483[0m
  [1m[36mActiveRecord::InternalMetadata Load (0.2ms)[0m  [1m[34mSELECT  `ar_internal_metadata`.* FROM `ar_internal_metadata` WHERE `ar_internal_metadata`.`key` = 'environment' LIMIT 1[0m
  [1m[35m (0.2ms)[0m  [1m[35mBEGIN[0m
  [1m[35mSQL (0.3ms)[0m  [1m[32mINSERT INTO `ar_internal_metadata` (`key`, `value`, `created_at`, `updated_at`) VALUES ('environment', 'development', '2017-05-22 18:50:35', '2017-05-22 18:50:35')[0m
  [1m[35m (40.3ms)[0m  [1m[35mCOMMIT[0m
  [1m[35m (0.3ms)[0m  [1m[35mSET NAMES utf8,  @@SESSION.sql_mode = CONCAT(CONCAT(@@sql_mode, ',STRICT_ALL_TABLES'), ',NO_AUTO_VALUE_ON_ZERO'),  @@SESSION.sql_auto_is_null = 0, @@SESSION.wait_timeout = 2147483[0m
  [1m[35m (0.3ms)[0m  [1m[34mSELECT `schema_migrations`.`version` FROM `schema_migrations` ORDER BY `schema_migrations`.`version` ASC[0m
  [1m[35m (0.3ms)[0m  [1m[34mSELECT `ar_internal_metadata`.`value` FROM `ar_internal_metadata` WHERE `ar_internal_metadata`.`key` = 'environment'[0m
  [1m[35m (0.2ms)[0m  [1m[34mSELECT `schema_migrations`.`version` FROM `schema_migrations` ORDER BY `schema_migrations`.`version` ASC[0m
  [1m[35m (0.2ms)[0m  [1m[34mSELECT `ar_internal_metadata`.`value` FROM `ar_internal_metadata` WHERE `ar_internal_metadata`.`key` = 'environment'[0m
  [1m[35m (0.2ms)[0m  [1m[34mSELECT `schema_migrations`.`version` FROM `schema_migrations` ORDER BY `schema_migrations`.`version` ASC[0m
  [1m[35m (0.2ms)[0m  [1m[34mSELECT `ar_internal_metadata`.`value` FROM `ar_internal_metadata` WHERE `ar_internal_metadata`.`key` = 'environment'[0m
  [1m[35m (0.2ms)[0m  [1m[35mSET NAMES utf8,  @@SESSION.sql_mode = CONCAT(CONCAT(@@sql_mode, ',STRICT_ALL_TABLES'), ',NO_AUTO_VALUE_ON_ZERO'),  @@SESSION.sql_auto_is_null = 0, @@SESSION.wait_timeout = 2147483[0m
  [1m[35m (705.1ms)[0m  [1m[35mDROP DATABASE IF EXISTS `holiday_calendar_dev`[0m
  [1m[35m (0.3ms)[0m  [1m[35mSET NAMES utf8,  @@SESSION.sql_mode = CONCAT(CONCAT(@@sql_mode, ',STRICT_ALL_TABLES'), ',NO_AUTO_VALUE_ON_ZERO'),  @@SESSION.sql_auto_is_null = 0, @@SESSION.wait_timeout = 2147483[0m
  [1m[35m (270.2ms)[0m  [1m[35mCREATE TABLE `schema_migrations` (`version` varchar(255) NOT NULL PRIMARY KEY) ENGINE=InnoDB[0m
  [1m[35m (222.9ms)[0m  [1m[35mCREATE TABLE `ar_internal_metadata` (`key` varchar(255) NOT NULL PRIMARY KEY, `value` varchar(255), `created_at` datetime NOT NULL, `updated_at` datetime NOT NULL) ENGINE=InnoDB[0m
  [1m[35m (0.3ms)[0m  [1m[34mSELECT DATABASE() as db[0m
  [1m[35m (0.3ms)[0m  [1m[34mSELECT GET_LOCK(5125918370818447650, 0)[0m
  [1m[35m (0.3ms)[0m  [1m[34mSELECT `schema_migrations`.`version` FROM `schema_migrations` ORDER BY `schema_migrations`.`version` ASC[0m
Migrating to CreateHolidayRuleDayOfWeeks (20170522174547)
  [1m[35m (232.9ms)[0m  [1m[35mCREATE TABLE `holiday_rule_day_of_weeks` (`id` bigint NOT NULL AUTO_INCREMENT PRIMARY KEY, `day_of_week_holiday` int, `created_at` datetime NOT NULL, `updated_at` datetime NOT NULL) ENGINE=InnoDB[0m
  [1m[35m (0.2ms)[0m  [1m[35mBEGIN[0m
  [1m[35mSQL (0.5ms)[0m  [1m[32mINSERT INTO `schema_migrations` (`version`) VALUES ('20170522174547')[0m
  [1m[35m (27.5ms)[0m  [1m[35mCOMMIT[0m
Migrating to CreateHolidayRuleDayOfMonths (20170522175341)
  [1m[35m (283.2ms)[0m  [1m[35mCREATE TABLE `holiday_rule_day_of_months` (`id` bigint NOT NULL AUTO_INCREMENT PRIMARY KEY, `month` int, `day_of_month` int, `created_at` datetime NOT NULL, `updated_at` datetime NOT NULL) ENGINE=InnoDB[0m
  [1m[35m (0.2ms)[0m  [1m[35mBEGIN[0m
  [1m[35mSQL (0.4ms)[0m  [1m[32mINSERT INTO `schema_migrations` (`version`) VALUES ('20170522175341')[0m
  [1m[35m (64.5ms)[0m  [1m[35mCOMMIT[0m
Migrating to CreateHolidayRuleDates (20170522175556)
  [1m[35m (266.7ms)[0m  [1m[35mCREATE TABLE `holiday_rule_dates` (`id` bigint NOT NULL AUTO_INCREMENT PRIMARY KEY, `date_holiday` date, `created_at` datetime NOT NULL, `updated_at` datetime NOT NULL) ENGINE=InnoDB[0m
  [1m[35m (0.3ms)[0m  [1m[35mBEGIN[0m
  [1m[35mSQL (0.4ms)[0m  [1m[32mINSERT INTO `schema_migrations` (`version`) VALUES ('20170522175556')[0m
  [1m[35m (31.0ms)[0m  [1m[35mCOMMIT[0m
Migrating to CreateHolidayRuleWithIntervals (20170522183901)
  [1m[35m (273.7ms)[0m  [1m[35mCREATE TABLE `holiday_rule_with_intervals` (`id` bigint NOT NULL AUTO_INCREMENT PRIMARY KEY, `holiday_rule_type` varchar(255), `holiday_rule_id` bigint, `start` date, `end` date, `created_at` datetime NOT NULL, `updated_at` datetime NOT NULL,  INDEX `holiday_rule_id`  (`holiday_rule_type`, `holiday_rule_id`)) ENGINE=InnoDB[0m
  [1m[35m (0.2ms)[0m  [1m[35mBEGIN[0m
  [1m[35mSQL (0.5ms)[0m  [1m[32mINSERT INTO `schema_migrations` (`version`) VALUES ('20170522183901')[0m
  [1m[35m (31.2ms)[0m  [1m[35mCOMMIT[0m
  [1m[36mActiveRecord::InternalMetadata Load (0.4ms)[0m  [1m[34mSELECT  `ar_internal_metadata`.* FROM `ar_internal_metadata` WHERE `ar_internal_metadata`.`key` = 'environment' LIMIT 1[0m
  [1m[35m (0.3ms)[0m  [1m[35mBEGIN[0m
  [1m[35mSQL (0.3ms)[0m  [1m[32mINSERT INTO `ar_internal_metadata` (`key`, `value`, `created_at`, `updated_at`) VALUES ('environment', 'development', '2017-05-22 18:51:03', '2017-05-22 18:51:03')[0m
  [1m[35m (36.7ms)[0m  [1m[35mCOMMIT[0m
  [1m[35m (0.3ms)[0m  [1m[34mSELECT RELEASE_LOCK(5125918370818447650)[0m
  [1m[35m (0.3ms)[0m  [1m[34mSELECT `schema_migrations`.`version` FROM `schema_migrations` ORDER BY `schema_migrations`.`version` ASC[0m
  [1m[35m (0.2ms)[0m  [1m[35mSHOW CREATE TABLE `holiday_rule_dates`[0m
  [1m[35m (0.1ms)[0m  [1m[35mSHOW CREATE TABLE `holiday_rule_day_of_months`[0m
  [1m[35m (0.2ms)[0m  [1m[35mSHOW CREATE TABLE `holiday_rule_day_of_weeks`[0m
  [1m[35m (0.2ms)[0m  [1m[35mSHOW CREATE TABLE `holiday_rule_with_intervals`[0m
  [1m[35m (0.3ms)[0m  [1m[35mSHOW TABLE STATUS LIKE 'holiday_rule_with_intervals'[0m
  [1m[35m (0.3ms)[0m  [1m[35mSET NAMES utf8,  @@SESSION.sql_mode = CONCAT(CONCAT(@@sql_mode, ',STRICT_ALL_TABLES'), ',NO_AUTO_VALUE_ON_ZERO'),  @@SESSION.sql_auto_is_null = 0, @@SESSION.wait_timeout = 2147483[0m
  [1m[35m (0.2ms)[0m  [1m[34mSELECT `schema_migrations`.`version` FROM `schema_migrations` ORDER BY `schema_migrations`.`version` ASC[0m
  [1m[35m (0.3ms)[0m  [1m[34mSELECT `ar_internal_metadata`.`value` FROM `ar_internal_metadata` WHERE `ar_internal_metadata`.`key` = 'environment'[0m
  [1m[35m (0.2ms)[0m  [1m[34mSELECT `schema_migrations`.`version` FROM `schema_migrations` ORDER BY `schema_migrations`.`version` ASC[0m
  [1m[35m (0.2ms)[0m  [1m[34mSELECT `ar_internal_metadata`.`value` FROM `ar_internal_metadata` WHERE `ar_internal_metadata`.`key` = 'environment'[0m
  [1m[35m (0.2ms)[0m  [1m[34mSELECT `schema_migrations`.`version` FROM `schema_migrations` ORDER BY `schema_migrations`.`version` ASC[0m
  [1m[35m (0.2ms)[0m  [1m[34mSELECT `ar_internal_metadata`.`value` FROM `ar_internal_metadata` WHERE `ar_internal_metadata`.`key` = 'environment'[0m
  [1m[35m (0.2ms)[0m  [1m[35mSET NAMES utf8,  @@SESSION.sql_mode = CONCAT(CONCAT(@@sql_mode, ',STRICT_ALL_TABLES'), ',NO_AUTO_VALUE_ON_ZERO'),  @@SESSION.sql_auto_is_null = 0, @@SESSION.wait_timeout = 2147483[0m
  [1m[35m (827.9ms)[0m  [1m[35mDROP DATABASE IF EXISTS `holiday_calendar_dev`[0m
  [1m[35m (0.3ms)[0m  [1m[35mSET NAMES utf8,  @@SESSION.sql_mode = CONCAT(CONCAT(@@sql_mode, ',STRICT_ALL_TABLES'), ',NO_AUTO_VALUE_ON_ZERO'),  @@SESSION.sql_auto_is_null = 0, @@SESSION.wait_timeout = 2147483[0m
  [1m[35m (31.7ms)[0m  [1m[35mDROP DATABASE IF EXISTS `holiday_calendar_test`[0m
  [1m[35m (0.3ms)[0m  [1m[35mSET NAMES utf8,  @@SESSION.sql_mode = CONCAT(CONCAT(@@sql_mode, ',STRICT_ALL_TABLES'), ',NO_AUTO_VALUE_ON_ZERO'),  @@SESSION.sql_auto_is_null = 0, @@SESSION.wait_timeout = 2147483[0m
  [1m[35m (229.7ms)[0m  [1m[35mCREATE TABLE `schema_migrations` (`version` varchar(255) NOT NULL PRIMARY KEY) ENGINE=InnoDB[0m
  [1m[35m (265.3ms)[0m  [1m[35mCREATE TABLE `ar_internal_metadata` (`key` varchar(255) NOT NULL PRIMARY KEY, `value` varchar(255), `created_at` datetime NOT NULL, `updated_at` datetime NOT NULL) ENGINE=InnoDB[0m
  [1m[35m (0.2ms)[0m  [1m[34mSELECT DATABASE() as db[0m
  [1m[35m (0.2ms)[0m  [1m[34mSELECT GET_LOCK(5125918370818447650, 0)[0m
  [1m[35m (0.3ms)[0m  [1m[34mSELECT `schema_migrations`.`version` FROM `schema_migrations` ORDER BY `schema_migrations`.`version` ASC[0m
Migrating to CreateHolidayRules (20170522191947)
  [1m[35m (206.7ms)[0m  [1m[35mCREATE TABLE `holiday_rules` (`id` bigint NOT NULL AUTO_INCREMENT PRIMARY KEY, `created_at` datetime NOT NULL, `updated_at` datetime NOT NULL) ENGINE=InnoDB[0m
  [1m[35m (0.3ms)[0m  [1m[35mBEGIN[0m
  [1m[35mSQL (0.4ms)[0m  [1m[32mINSERT INTO `schema_migrations` (`version`) VALUES ('20170522191947')[0m
  [1m[35m (27.4ms)[0m  [1m[35mCOMMIT[0m
  [1m[36mActiveRecord::InternalMetadata Load (0.4ms)[0m  [1m[34mSELECT  `ar_internal_metadata`.* FROM `ar_internal_metadata` WHERE `ar_internal_metadata`.`key` = 'environment' LIMIT 1[0m
  [1m[35m (0.2ms)[0m  [1m[35mBEGIN[0m
  [1m[35mSQL (0.3ms)[0m  [1m[32mINSERT INTO `ar_internal_metadata` (`key`, `value`, `created_at`, `updated_at`) VALUES ('environment', 'development', '2017-05-22 19:21:49', '2017-05-22 19:21:49')[0m
  [1m[35m (28.5ms)[0m  [1m[35mCOMMIT[0m
  [1m[35m (0.3ms)[0m  [1m[34mSELECT RELEASE_LOCK(5125918370818447650)[0m
  [1m[35m (0.3ms)[0m  [1m[34mSELECT `schema_migrations`.`version` FROM `schema_migrations` ORDER BY `schema_migrations`.`version` ASC[0m
  [1m[35m (0.3ms)[0m  [1m[35mSHOW CREATE TABLE `holiday_rules`[0m
  [1m[35m (0.3ms)[0m  [1m[35mSET NAMES utf8,  @@SESSION.sql_mode = CONCAT(CONCAT(@@sql_mode, ',STRICT_ALL_TABLES'), ',NO_AUTO_VALUE_ON_ZERO'),  @@SESSION.sql_auto_is_null = 0, @@SESSION.wait_timeout = 2147483[0m
  [1m[35m (0.4ms)[0m  [1m[34mSELECT `schema_migrations`.`version` FROM `schema_migrations` ORDER BY `schema_migrations`.`version` ASC[0m
  [1m[35m (0.4ms)[0m  [1m[34mSELECT `ar_internal_metadata`.`value` FROM `ar_internal_metadata` WHERE `ar_internal_metadata`.`key` = 'environment'[0m
  [1m[35m (0.3ms)[0m  [1m[34mSELECT `schema_migrations`.`version` FROM `schema_migrations` ORDER BY `schema_migrations`.`version` ASC[0m
  [1m[35m (0.3ms)[0m  [1m[34mSELECT `ar_internal_metadata`.`value` FROM `ar_internal_metadata` WHERE `ar_internal_metadata`.`key` = 'environment'[0m
  [1m[35m (0.3ms)[0m  [1m[34mSELECT `schema_migrations`.`version` FROM `schema_migrations` ORDER BY `schema_migrations`.`version` ASC[0m
  [1m[35m (0.3ms)[0m  [1m[34mSELECT `ar_internal_metadata`.`value` FROM `ar_internal_metadata` WHERE `ar_internal_metadata`.`key` = 'environment'[0m
  [1m[35m (0.3ms)[0m  [1m[35mSET NAMES utf8,  @@SESSION.sql_mode = CONCAT(CONCAT(@@sql_mode, ',STRICT_ALL_TABLES'), ',NO_AUTO_VALUE_ON_ZERO'),  @@SESSION.sql_auto_is_null = 0, @@SESSION.wait_timeout = 2147483[0m
  [1m[35m (416.2ms)[0m  [1m[35mDROP DATABASE IF EXISTS `holiday_calendar_dev`[0m
  [1m[35m (0.4ms)[0m  [1m[35mSET NAMES utf8,  @@SESSION.sql_mode = CONCAT(CONCAT(@@sql_mode, ',STRICT_ALL_TABLES'), ',NO_AUTO_VALUE_ON_ZERO'),  @@SESSION.sql_auto_is_null = 0, @@SESSION.wait_timeout = 2147483[0m
  [1m[35m (30.7ms)[0m  [1m[35mDROP DATABASE IF EXISTS `holiday_calendar_test`[0m
  [1m[35m (0.3ms)[0m  [1m[35mSET NAMES utf8,  @@SESSION.sql_mode = CONCAT(CONCAT(@@sql_mode, ',STRICT_ALL_TABLES'), ',NO_AUTO_VALUE_ON_ZERO'),  @@SESSION.sql_auto_is_null = 0, @@SESSION.wait_timeout = 2147483[0m
  [1m[35m (318.5ms)[0m  [1m[35mCREATE TABLE `schema_migrations` (`version` varchar(255) NOT NULL PRIMARY KEY) ENGINE=InnoDB[0m
  [1m[35m (289.5ms)[0m  [1m[35mCREATE TABLE `ar_internal_metadata` (`key` varchar(255) NOT NULL PRIMARY KEY, `value` varchar(255), `created_at` datetime NOT NULL, `updated_at` datetime NOT NULL) ENGINE=InnoDB[0m
  [1m[35m (0.3ms)[0m  [1m[34mSELECT DATABASE() as db[0m
  [1m[35m (0.3ms)[0m  [1m[34mSELECT GET_LOCK(5125918370818447650, 0)[0m
  [1m[35m (0.4ms)[0m  [1m[34mSELECT `schema_migrations`.`version` FROM `schema_migrations` ORDER BY `schema_migrations`.`version` ASC[0m
  [1m[36mActiveRecord::InternalMetadata Load (0.4ms)[0m  [1m[34mSELECT  `ar_internal_metadata`.* FROM `ar_internal_metadata` WHERE `ar_internal_metadata`.`key` = 'environment' LIMIT 1[0m
  [1m[35m (0.2ms)[0m  [1m[35mBEGIN[0m
  [1m[35mSQL (0.4ms)[0m  [1m[32mINSERT INTO `ar_internal_metadata` (`key`, `value`, `created_at`, `updated_at`) VALUES ('environment', 'development', '2017-05-23 11:39:33', '2017-05-23 11:39:33')[0m
  [1m[35m (30.0ms)[0m  [1m[35mCOMMIT[0m
  [1m[35m (0.3ms)[0m  [1m[34mSELECT RELEASE_LOCK(5125918370818447650)[0m
  [1m[35m (0.3ms)[0m  [1m[34mSELECT `schema_migrations`.`version` FROM `schema_migrations` ORDER BY `schema_migrations`.`version` ASC[0m
  [1m[35m (0.5ms)[0m  [1m[35mSET NAMES utf8,  @@SESSION.sql_mode = CONCAT(CONCAT(@@sql_mode, ',STRICT_ALL_TABLES'), ',NO_AUTO_VALUE_ON_ZERO'),  @@SESSION.sql_auto_is_null = 0, @@SESSION.wait_timeout = 2147483[0m
  [1m[35m (0.1ms)[0m  [1m[34mSELECT DATABASE() as db[0m
  [1m[35m (0.2ms)[0m  [1m[34mSELECT GET_LOCK(5125918370818447650, 0)[0m
  [1m[35m (0.3ms)[0m  [1m[34mSELECT `schema_migrations`.`version` FROM `schema_migrations` ORDER BY `schema_migrations`.`version` ASC[0m
Migrating to CreateHolidayRules (20170523120522)
  [1m[35m (232.8ms)[0m  [1m[35mCREATE TABLE `holiday_rules` (`id` bigint NOT NULL AUTO_INCREMENT PRIMARY KEY, `type` varchar(255) NOT NULL, `created_at` datetime NOT NULL, `updated_at` datetime NOT NULL) ENGINE=InnoDB[0m
  [1m[35m (0.2ms)[0m  [1m[35mBEGIN[0m
  [1m[35mSQL (0.5ms)[0m  [1m[32mINSERT INTO `schema_migrations` (`version`) VALUES ('20170523120522')[0m
  [1m[35m (28.9ms)[0m  [1m[35mCOMMIT[0m
Migrating to AddDayOfWeekHolidayToHolidayRule (20170523122234)
  [1m[35m (400.7ms)[0m  [1m[35mALTER TABLE `holiday_rules` ADD `day_of_week_holiday` int[0m
  [1m[35m (0.2ms)[0m  [1m[35mBEGIN[0m
  [1m[35mSQL (0.3ms)[0m  [1m[32mINSERT INTO `schema_migrations` (`version`) VALUES ('20170523122234')[0m
  [1m[35m (64.9ms)[0m  [1m[35mCOMMIT[0m
  [1m[36mActiveRecord::InternalMetadata Load (0.4ms)[0m  [1m[34mSELECT  `ar_internal_metadata`.* FROM `ar_internal_metadata` WHERE `ar_internal_metadata`.`key` = 'environment' LIMIT 1[0m
  [1m[35m (0.1ms)[0m  [1m[35mBEGIN[0m
  [1m[35m (0.2ms)[0m  [1m[35mCOMMIT[0m
  [1m[35m (0.2ms)[0m  [1m[34mSELECT RELEASE_LOCK(5125918370818447650)[0m
  [1m[35m (0.2ms)[0m  [1m[34mSELECT `schema_migrations`.`version` FROM `schema_migrations` ORDER BY `schema_migrations`.`version` ASC[0m
  [1m[35m (0.2ms)[0m  [1m[35mSHOW CREATE TABLE `holiday_rules`[0m
  [1m[35m (0.2ms)[0m  [1m[35mSHOW TABLE STATUS LIKE 'holiday_rules'[0m
  [1m[35m (0.4ms)[0m  [1m[35mSET NAMES utf8,  @@SESSION.sql_mode = CONCAT(CONCAT(@@sql_mode, ',STRICT_ALL_TABLES'), ',NO_AUTO_VALUE_ON_ZERO'),  @@SESSION.sql_auto_is_null = 0, @@SESSION.wait_timeout = 2147483[0m
  [1m[35m (0.3ms)[0m  [1m[35mSET NAMES utf8,  @@SESSION.sql_mode = CONCAT(CONCAT(@@sql_mode, ',STRICT_ALL_TABLES'), ',NO_AUTO_VALUE_ON_ZERO'),  @@SESSION.sql_auto_is_null = 0, @@SESSION.wait_timeout = 2147483[0m
  [1m[35m (0.2ms)[0m  [1m[34mSELECT DATABASE() as db[0m
  [1m[35m (0.2ms)[0m  [1m[34mSELECT GET_LOCK(5125918370818447650, 0)[0m
  [1m[35m (0.2ms)[0m  [1m[34mSELECT `schema_migrations`.`version` FROM `schema_migrations` ORDER BY `schema_migrations`.`version` ASC[0m
Migrating to AddMonthDayToHolidayRule (20170523125539)
  [1m[35m (399.5ms)[0m  [1m[35mALTER TABLE `holiday_rules` ADD `month` int[0m
  [1m[35m (401.5ms)[0m  [1m[35mALTER TABLE `holiday_rules` ADD `day_of_month_holiday` int[0m
  [1m[35m (0.3ms)[0m  [1m[35mBEGIN[0m
  [1m[35mSQL (0.3ms)[0m  [1m[32mINSERT INTO `schema_migrations` (`version`) VALUES ('20170523125539')[0m
  [1m[35m (37.7ms)[0m  [1m[35mCOMMIT[0m
Migrating to AddDateHolidayToHolidayRule (20170523130039)
  [1m[35m (393.1ms)[0m  [1m[35mALTER TABLE `holiday_rules` ADD `date_holiday` date[0m
  [1m[35m (0.2ms)[0m  [1m[35mBEGIN[0m
  [1m[35mSQL (0.3ms)[0m  [1m[32mINSERT INTO `schema_migrations` (`version`) VALUES ('20170523130039')[0m
  [1m[35m (56.6ms)[0m  [1m[35mCOMMIT[0m
  [1m[36mActiveRecord::InternalMetadata Load (0.3ms)[0m  [1m[34mSELECT  `ar_internal_metadata`.* FROM `ar_internal_metadata` WHERE `ar_internal_metadata`.`key` = 'environment' LIMIT 1[0m
  [1m[35m (0.1ms)[0m  [1m[35mBEGIN[0m
  [1m[35m (0.1ms)[0m  [1m[35mCOMMIT[0m
  [1m[35m (0.2ms)[0m  [1m[34mSELECT RELEASE_LOCK(5125918370818447650)[0m
  [1m[35m (0.2ms)[0m  [1m[34mSELECT `schema_migrations`.`version` FROM `schema_migrations` ORDER BY `schema_migrations`.`version` ASC[0m
  [1m[35m (0.2ms)[0m  [1m[35mSHOW CREATE TABLE `holiday_rules`[0m
  [1m[35m (0.3ms)[0m  [1m[35mSHOW TABLE STATUS LIKE 'holiday_rules'[0m
  [1m[35m (0.3ms)[0m  [1m[35mSET NAMES utf8,  @@SESSION.sql_mode = CONCAT(CONCAT(@@sql_mode, ',STRICT_ALL_TABLES'), ',NO_AUTO_VALUE_ON_ZERO'),  @@SESSION.sql_auto_is_null = 0, @@SESSION.wait_timeout = 2147483[0m
  [1m[35m (0.2ms)[0m  [1m[34mSELECT DATABASE() as db[0m
  [1m[35m (0.1ms)[0m  [1m[34mSELECT GET_LOCK(5125918370818447650, 0)[0m
  [1m[35m (0.2ms)[0m  [1m[34mSELECT `schema_migrations`.`version` FROM `schema_migrations` ORDER BY `schema_migrations`.`version` ASC[0m
Migrating to AddIntervalToHolidayRule (20170523131134)
  [1m[35m (406.7ms)[0m  [1m[35mALTER TABLE `holiday_rules` ADD `begins` date[0m
  [1m[35m (343.0ms)[0m  [1m[35mALTER TABLE `holiday_rules` ADD `ends` date[0m
  [1m[35m (0.2ms)[0m  [1m[35mBEGIN[0m
  [1m[35mSQL (0.3ms)[0m  [1m[32mINSERT INTO `schema_migrations` (`version`) VALUES ('20170523131134')[0m
  [1m[35m (30.7ms)[0m  [1m[35mCOMMIT[0m
Migrating to AddHolidayRuleToHolidayRule (20170523131248)
  [1m[35m (401.4ms)[0m  [1m[35mALTER TABLE `holiday_rules` ADD `holiday_rule_id` int[0m
  [1m[35m (0.2ms)[0m  [1m[35mBEGIN[0m
  [1m[35mSQL (0.3ms)[0m  [1m[32mINSERT INTO `schema_migrations` (`version`) VALUES ('20170523131248')[0m
  [1m[35m (65.1ms)[0m  [1m[35mCOMMIT[0m
  [1m[36mActiveRecord::InternalMetadata Load (0.3ms)[0m  [1m[34mSELECT  `ar_internal_metadata`.* FROM `ar_internal_metadata` WHERE `ar_internal_metadata`.`key` = 'environment' LIMIT 1[0m
  [1m[35m (0.2ms)[0m  [1m[35mBEGIN[0m
  [1m[35m (0.2ms)[0m  [1m[35mCOMMIT[0m
  [1m[35m (0.2ms)[0m  [1m[34mSELECT RELEASE_LOCK(5125918370818447650)[0m
  [1m[35m (0.2ms)[0m  [1m[34mSELECT `schema_migrations`.`version` FROM `schema_migrations` ORDER BY `schema_migrations`.`version` ASC[0m
  [1m[35m (0.2ms)[0m  [1m[35mSHOW CREATE TABLE `holiday_rules`[0m
  [1m[35m (0.3ms)[0m  [1m[35mSHOW TABLE STATUS LIKE 'holiday_rules'[0m
  [1m[35m (0.4ms)[0m  [1m[35mSET NAMES utf8,  @@SESSION.sql_mode = CONCAT(CONCAT(@@sql_mode, ',STRICT_ALL_TABLES'), ',NO_AUTO_VALUE_ON_ZERO'),  @@SESSION.sql_auto_is_null = 0, @@SESSION.wait_timeout = 2147483[0m
  [1m[36mHolidayRuleDayOfWeek Load (0.5ms)[0m  [1m[34mSELECT  `holiday_rules`.* FROM `holiday_rules` WHERE `holiday_rules`.`type` IN ('HolidayRuleDayOfWeek') LIMIT 11[0m
  [1m[36mHolidayRule Load (0.5ms)[0m  [1m[34mSELECT  `holiday_rules`.* FROM `holiday_rules` LIMIT 11[0m
  [1m[35m (0.3ms)[0m  [1m[35mBEGIN[0m
  [1m[35m (0.2ms)[0m  [1m[31mROLLBACK[0m
  [1m[35m (0.2ms)[0m  [1m[35mBEGIN[0m
  [1m[35m (0.2ms)[0m  [1m[31mROLLBACK[0m
  [1m[35m (0.3ms)[0m  [1m[35mSET NAMES utf8,  @@SESSION.sql_mode = CONCAT(CONCAT(@@sql_mode, ',STRICT_ALL_TABLES'), ',NO_AUTO_VALUE_ON_ZERO'),  @@SESSION.sql_auto_is_null = 0, @@SESSION.wait_timeout = 2147483[0m
  [1m[35m (0.2ms)[0m  [1m[35mBEGIN[0m
  [1m[35mSQL (0.3ms)[0m  [1m[32mINSERT INTO `holiday_rules` (`type`, `created_at`, `updated_at`, `day_of_week_holiday`) VALUES ('HolidayRuleDayOfWeek', '2017-05-23 13:18:17', '2017-05-23 13:18:17', 1)[0m
  [1m[35m (34.3ms)[0m  [1m[35mCOMMIT[0m
  [1m[35m (0.2ms)[0m  [1m[35mBEGIN[0m
  [1m[35mSQL (0.5ms)[0m  [1m[32mINSERT INTO `holiday_rules` (`type`, `created_at`, `updated_at`, `month`, `day_of_month_holiday`) VALUES ('HolidayRuleDayOfMonth', '2017-05-23 13:19:20', '2017-05-23 13:19:20', 5, 1)[0m
  [1m[35m (52.2ms)[0m  [1m[35mCOMMIT[0m
  [1m[35m (0.3ms)[0m  [1m[35mSET NAMES utf8,  @@SESSION.sql_mode = CONCAT(CONCAT(@@sql_mode, ',STRICT_ALL_TABLES'), ',NO_AUTO_VALUE_ON_ZERO'),  @@SESSION.sql_auto_is_null = 0, @@SESSION.wait_timeout = 2147483[0m
  [1m[35m (0.2ms)[0m  [1m[34mSELECT DATABASE() as db[0m
  [1m[35m (0.2ms)[0m  [1m[34mSELECT GET_LOCK(5125918370818447650, 0)[0m
  [1m[35m (0.3ms)[0m  [1m[34mSELECT `schema_migrations`.`version` FROM `schema_migrations` ORDER BY `schema_migrations`.`version` ASC[0m
Migrating to AddHolidayRuleToHolidayRule (20170523132753)
  [1m[35m (0.5ms)[0m  [1m[35mALTER TABLE `holiday_rules` ADD `holiday_rule_id` bigint[0m
  [1m[35m (0.2ms)[0m  [1m[34mSELECT RELEASE_LOCK(5125918370818447650)[0m
  [1m[35m (0.3ms)[0m  [1m[35mSET NAMES utf8,  @@SESSION.sql_mode = CONCAT(CONCAT(@@sql_mode, ',STRICT_ALL_TABLES'), ',NO_AUTO_VALUE_ON_ZERO'),  @@SESSION.sql_auto_is_null = 0, @@SESSION.wait_timeout = 2147483[0m
  [1m[35m (0.2ms)[0m  [1m[34mSELECT `schema_migrations`.`version` FROM `schema_migrations` ORDER BY `schema_migrations`.`version` ASC[0m
  [1m[35m (0.2ms)[0m  [1m[34mSELECT `ar_internal_metadata`.`value` FROM `ar_internal_metadata` WHERE `ar_internal_metadata`.`key` = 'environment'[0m
  [1m[35m (0.2ms)[0m  [1m[34mSELECT `schema_migrations`.`version` FROM `schema_migrations` ORDER BY `schema_migrations`.`version` ASC[0m
  [1m[35m (0.2ms)[0m  [1m[34mSELECT `ar_internal_metadata`.`value` FROM `ar_internal_metadata` WHERE `ar_internal_metadata`.`key` = 'environment'[0m
  [1m[35m (0.2ms)[0m  [1m[34mSELECT `schema_migrations`.`version` FROM `schema_migrations` ORDER BY `schema_migrations`.`version` ASC[0m
  [1m[35m (0.2ms)[0m  [1m[34mSELECT `ar_internal_metadata`.`value` FROM `ar_internal_metadata` WHERE `ar_internal_metadata`.`key` = 'environment'[0m
  [1m[35m (0.2ms)[0m  [1m[35mSET NAMES utf8,  @@SESSION.sql_mode = CONCAT(CONCAT(@@sql_mode, ',STRICT_ALL_TABLES'), ',NO_AUTO_VALUE_ON_ZERO'),  @@SESSION.sql_auto_is_null = 0, @@SESSION.wait_timeout = 2147483[0m
  [1m[35m (386.0ms)[0m  [1m[35mDROP DATABASE IF EXISTS `holiday_calendar_dev`[0m
  [1m[35m (0.3ms)[0m  [1m[35mSET NAMES utf8,  @@SESSION.sql_mode = CONCAT(CONCAT(@@sql_mode, ',STRICT_ALL_TABLES'), ',NO_AUTO_VALUE_ON_ZERO'),  @@SESSION.sql_auto_is_null = 0, @@SESSION.wait_timeout = 2147483[0m
  [1m[35m (31.4ms)[0m  [1m[35mDROP DATABASE IF EXISTS `holiday_calendar_test`[0m
  [1m[35m (0.3ms)[0m  [1m[35mSET NAMES utf8,  @@SESSION.sql_mode = CONCAT(CONCAT(@@sql_mode, ',STRICT_ALL_TABLES'), ',NO_AUTO_VALUE_ON_ZERO'),  @@SESSION.sql_auto_is_null = 0, @@SESSION.wait_timeout = 2147483[0m
  [1m[35m (271.9ms)[0m  [1m[35mCREATE TABLE `schema_migrations` (`version` varchar(255) NOT NULL PRIMARY KEY) ENGINE=InnoDB[0m
  [1m[35m (206.5ms)[0m  [1m[35mCREATE TABLE `ar_internal_metadata` (`key` varchar(255) NOT NULL PRIMARY KEY, `value` varchar(255), `created_at` datetime NOT NULL, `updated_at` datetime NOT NULL) ENGINE=InnoDB[0m
  [1m[35m (0.3ms)[0m  [1m[34mSELECT DATABASE() as db[0m
  [1m[35m (0.3ms)[0m  [1m[34mSELECT GET_LOCK(5125918370818447650, 0)[0m
  [1m[35m (0.3ms)[0m  [1m[34mSELECT `schema_migrations`.`version` FROM `schema_migrations` ORDER BY `schema_migrations`.`version` ASC[0m
Migrating to CreateHolidayRules (20170523120522)
  [1m[35m (227.0ms)[0m  [1m[35mCREATE TABLE `holiday_rules` (`id` bigint NOT NULL AUTO_INCREMENT PRIMARY KEY, `type` varchar(255) NOT NULL, `created_at` datetime NOT NULL, `updated_at` datetime NOT NULL) ENGINE=InnoDB[0m
  [1m[35m (0.2ms)[0m  [1m[35mBEGIN[0m
  [1m[35mSQL (0.3ms)[0m  [1m[32mINSERT INTO `schema_migrations` (`version`) VALUES ('20170523120522')[0m
  [1m[35m (28.6ms)[0m  [1m[35mCOMMIT[0m
Migrating to AddDayOfWeekHolidayToHolidayRule (20170523122234)
  [1m[35m (1059.3ms)[0m  [1m[35mALTER TABLE `holiday_rules` ADD `day_of_week_holiday` int[0m
  [1m[35m (0.2ms)[0m  [1m[35mBEGIN[0m
  [1m[35mSQL (0.3ms)[0m  [1m[32mINSERT INTO `schema_migrations` (`version`) VALUES ('20170523122234')[0m
  [1m[35m (64.9ms)[0m  [1m[35mCOMMIT[0m
Migrating to AddMonthDayToHolidayRule (20170523125539)
  [1m[35m (435.9ms)[0m  [1m[35mALTER TABLE `holiday_rules` ADD `month` int[0m
  [1m[35m (318.2ms)[0m  [1m[35mALTER TABLE `holiday_rules` ADD `day_of_month_holiday` int[0m
  [1m[35m (0.2ms)[0m  [1m[35mBEGIN[0m
  [1m[35mSQL (0.3ms)[0m  [1m[32mINSERT INTO `schema_migrations` (`version`) VALUES ('20170523125539')[0m
  [1m[35m (31.6ms)[0m  [1m[35mCOMMIT[0m
Migrating to AddDateHolidayToHolidayRule (20170523130039)
  [1m[35m (426.6ms)[0m  [1m[35mALTER TABLE `holiday_rules` ADD `date_holiday` date[0m
  [1m[35m (0.2ms)[0m  [1m[35mBEGIN[0m
  [1m[35mSQL (0.2ms)[0m  [1m[32mINSERT INTO `schema_migrations` (`version`) VALUES ('20170523130039')[0m
  [1m[35m (31.3ms)[0m  [1m[35mCOMMIT[0m
Migrating to AddIntervalToHolidayRule (20170523131134)
  [1m[35m (402.2ms)[0m  [1m[35mALTER TABLE `holiday_rules` ADD `begins` date[0m
  [1m[35m (384.8ms)[0m  [1m[35mALTER TABLE `holiday_rules` ADD `ends` date[0m
  [1m[35m (0.2ms)[0m  [1m[35mBEGIN[0m
  [1m[35mSQL (0.3ms)[0m  [1m[32mINSERT INTO `schema_migrations` (`version`) VALUES ('20170523131134')[0m
  [1m[35m (31.8ms)[0m  [1m[35mCOMMIT[0m
Migrating to AddHolidayRuleToHolidayRule (20170523132753)
  [1m[35m (351.4ms)[0m  [1m[35mALTER TABLE `holiday_rules` ADD `holiday_rule_id` bigint[0m
  [1m[35m (208.5ms)[0m  [1m[35mCREATE  INDEX `index_holiday_rules_on_holiday_rule_id`  ON `holiday_rules` (`holiday_rule_id`) [0m
  [1m[35m (602.8ms)[0m  [1m[35mALTER TABLE `holiday_rules` ADD CONSTRAINT `fk_rails_14f4e958ef`
FOREIGN KEY (`holiday_rule_id`)
  REFERENCES `holiday_rules` (`id`)
[0m
  [1m[35m (0.2ms)[0m  [1m[35mBEGIN[0m
  [1m[35mSQL (0.2ms)[0m  [1m[32mINSERT INTO `schema_migrations` (`version`) VALUES ('20170523132753')[0m
  [1m[35m (31.8ms)[0m  [1m[35mCOMMIT[0m
  [1m[36mActiveRecord::InternalMetadata Load (0.3ms)[0m  [1m[34mSELECT  `ar_internal_metadata`.* FROM `ar_internal_metadata` WHERE `ar_internal_metadata`.`key` = 'environment' LIMIT 1[0m
  [1m[35m (0.2ms)[0m  [1m[35mBEGIN[0m
  [1m[35mSQL (0.3ms)[0m  [1m[32mINSERT INTO `ar_internal_metadata` (`key`, `value`, `created_at`, `updated_at`) VALUES ('environment', 'development', '2017-05-23 13:29:09', '2017-05-23 13:29:09')[0m
  [1m[35m (31.9ms)[0m  [1m[35mCOMMIT[0m
  [1m[35m (0.3ms)[0m  [1m[34mSELECT RELEASE_LOCK(5125918370818447650)[0m
  [1m[35m (0.3ms)[0m  [1m[34mSELECT `schema_migrations`.`version` FROM `schema_migrations` ORDER BY `schema_migrations`.`version` ASC[0m
  [1m[35m (0.2ms)[0m  [1m[35mSHOW CREATE TABLE `holiday_rules`[0m
  [1m[35m (0.3ms)[0m  [1m[35mSHOW TABLE STATUS LIKE 'holiday_rules'[0m
  [1m[35m (0.3ms)[0m  [1m[35mSET NAMES utf8,  @@SESSION.sql_mode = CONCAT(CONCAT(@@sql_mode, ',STRICT_ALL_TABLES'), ',NO_AUTO_VALUE_ON_ZERO'),  @@SESSION.sql_auto_is_null = 0, @@SESSION.wait_timeout = 2147483[0m
  [1m[35m (0.3ms)[0m  [1m[35mBEGIN[0m
  [1m[35mSQL (0.4ms)[0m  [1m[32mINSERT INTO `holiday_rules` (`type`, `created_at`, `updated_at`, `day_of_week_holiday`) VALUES ('HolidayRuleDayOfWeek', '2017-05-23 13:30:04', '2017-05-23 13:30:04', 3)[0m
  [1m[35mSQL (0.3ms)[0m  [1m[32mINSERT INTO `holiday_rules` (`type`, `created_at`, `updated_at`, `begins`, `ends`, `holiday_rule_id`) VALUES ('HolidayRuleWithInterval', '2017-05-23 13:30:04', '2017-05-23 13:30:04', '2017-05-02', '2017-05-10', 1)[0m
  [1m[35m (68.3ms)[0m  [1m[35mCOMMIT[0m
  [1m[36mHolidayRule Load (0.5ms)[0m  [1m[34mSELECT  `holiday_rules`.* FROM `holiday_rules` LIMIT 11[0m
  [1m[36mHolidayRuleWithInterval Load (0.7ms)[0m  [1m[34mSELECT  `holiday_rules`.* FROM `holiday_rules` WHERE `holiday_rules`.`type` IN ('HolidayRuleWithInterval') LIMIT 11[0m
  [1m[36mHolidayRule Load (0.5ms)[0m  [1m[34mSELECT  `holiday_rules`.* FROM `holiday_rules` WHERE `holiday_rules`.`id` = 1 LIMIT 1[0m
  [1m[36mHolidayRule Load (0.5ms)[0m  [1m[34mSELECT  `holiday_rules`.* FROM `holiday_rules` WHERE `holiday_rules`.`id` = 2 LIMIT 1[0m
  [1m[35m (0.5ms)[0m  [1m[35mSET NAMES utf8,  @@SESSION.sql_mode = CONCAT(CONCAT(@@sql_mode, ',STRICT_ALL_TABLES'), ',NO_AUTO_VALUE_ON_ZERO'),  @@SESSION.sql_auto_is_null = 0, @@SESSION.wait_timeout = 2147483[0m
  [1m[35m (0.3ms)[0m  [1m[34mSELECT `schema_migrations`.`version` FROM `schema_migrations` ORDER BY `schema_migrations`.`version` ASC[0m
  [1m[35m (0.2ms)[0m  [1m[34mSELECT `ar_internal_metadata`.`value` FROM `ar_internal_metadata` WHERE `ar_internal_metadata`.`key` = 'environment'[0m
  [1m[35m (0.2ms)[0m  [1m[34mSELECT `schema_migrations`.`version` FROM `schema_migrations` ORDER BY `schema_migrations`.`version` ASC[0m
  [1m[35m (0.2ms)[0m  [1m[34mSELECT `ar_internal_metadata`.`value` FROM `ar_internal_metadata` WHERE `ar_internal_metadata`.`key` = 'environment'[0m
  [1m[35m (0.2ms)[0m  [1m[34mSELECT `schema_migrations`.`version` FROM `schema_migrations` ORDER BY `schema_migrations`.`version` ASC[0m
  [1m[35m (0.2ms)[0m  [1m[34mSELECT `ar_internal_metadata`.`value` FROM `ar_internal_metadata` WHERE `ar_internal_metadata`.`key` = 'environment'[0m
  [1m[35m (0.2ms)[0m  [1m[35mSET NAMES utf8,  @@SESSION.sql_mode = CONCAT(CONCAT(@@sql_mode, ',STRICT_ALL_TABLES'), ',NO_AUTO_VALUE_ON_ZERO'),  @@SESSION.sql_auto_is_null = 0, @@SESSION.wait_timeout = 2147483[0m
  [1m[35m (394.0ms)[0m  [1m[35mDROP DATABASE IF EXISTS `holiday_calendar_dev`[0m
  [1m[35m (0.3ms)[0m  [1m[35mSET NAMES utf8,  @@SESSION.sql_mode = CONCAT(CONCAT(@@sql_mode, ',STRICT_ALL_TABLES'), ',NO_AUTO_VALUE_ON_ZERO'),  @@SESSION.sql_auto_is_null = 0, @@SESSION.wait_timeout = 2147483[0m
  [1m[35m (31.5ms)[0m  [1m[35mDROP DATABASE IF EXISTS `holiday_calendar_test`[0m
  [1m[35m (0.3ms)[0m  [1m[35mSET NAMES utf8,  @@SESSION.sql_mode = CONCAT(CONCAT(@@sql_mode, ',STRICT_ALL_TABLES'), ',NO_AUTO_VALUE_ON_ZERO'),  @@SESSION.sql_auto_is_null = 0, @@SESSION.wait_timeout = 2147483[0m
  [1m[35m (236.8ms)[0m  [1m[35mCREATE TABLE `schema_migrations` (`version` varchar(255) NOT NULL PRIMARY KEY) ENGINE=InnoDB[0m
  [1m[35m (273.4ms)[0m  [1m[35mCREATE TABLE `ar_internal_metadata` (`key` varchar(255) NOT NULL PRIMARY KEY, `value` varchar(255), `created_at` datetime NOT NULL, `updated_at` datetime NOT NULL) ENGINE=InnoDB[0m
  [1m[35m (0.3ms)[0m  [1m[34mSELECT DATABASE() as db[0m
  [1m[35m (0.3ms)[0m  [1m[34mSELECT GET_LOCK(5125918370818447650, 0)[0m
  [1m[35m (0.3ms)[0m  [1m[34mSELECT `schema_migrations`.`version` FROM `schema_migrations` ORDER BY `schema_migrations`.`version` ASC[0m
Migrating to CreateHolidayRules (20170523120522)
  [1m[35m (235.2ms)[0m  [1m[35mCREATE TABLE `holiday_rules` (`id` bigint NOT NULL AUTO_INCREMENT PRIMARY KEY, `type` varchar(255) NOT NULL, `created_at` datetime NOT NULL, `updated_at` datetime NOT NULL) ENGINE=InnoDB[0m
  [1m[35m (0.2ms)[0m  [1m[35mBEGIN[0m
  [1m[35mSQL (0.4ms)[0m  [1m[32mINSERT INTO `schema_migrations` (`version`) VALUES ('20170523120522')[0m
  [1m[35m (36.6ms)[0m  [1m[35mCOMMIT[0m
Migrating to AddDayOfWeekHolidayToHolidayRule (20170523122234)
  [1m[35m (451.9ms)[0m  [1m[35mALTER TABLE `holiday_rules` ADD `day_of_week_holiday` int[0m
  [1m[35m (0.2ms)[0m  [1m[35mBEGIN[0m
  [1m[35mSQL (0.3ms)[0m  [1m[32mINSERT INTO `schema_migrations` (`version`) VALUES ('20170523122234')[0m
  [1m[35m (56.6ms)[0m  [1m[35mCOMMIT[0m
Migrating to AddMonthDayToHolidayRule (20170523125539)
  [1m[35m (768.9ms)[0m  [1m[35mALTER TABLE `holiday_rules` ADD `month` int[0m
  [1m[35m (401.5ms)[0m  [1m[35mALTER TABLE `holiday_rules` ADD `day_of_month_holiday` int[0m
  [1m[35m (0.2ms)[0m  [1m[35mBEGIN[0m
  [1m[35mSQL (0.2ms)[0m  [1m[32mINSERT INTO `schema_migrations` (`version`) VALUES ('20170523125539')[0m
  [1m[35m (31.9ms)[0m  [1m[35mCOMMIT[0m
Migrating to AddDateHolidayToHolidayRule (20170523130039)
  [1m[35m (369.3ms)[0m  [1m[35mALTER TABLE `holiday_rules` ADD `date_holiday` date[0m
  [1m[35m (0.3ms)[0m  [1m[35mBEGIN[0m
  [1m[35mSQL (0.4ms)[0m  [1m[32mINSERT INTO `schema_migrations` (`version`) VALUES ('20170523130039')[0m
  [1m[35m (30.9ms)[0m  [1m[35mCOMMIT[0m
Migrating to AddPeriodToHolidayRule (20170523131134)
  [1m[35m (0.4ms)[0m  [1m[34mSELECT RELEASE_LOCK(5125918370818447650)[0m
  [1m[35m (0.5ms)[0m  [1m[35mSET NAMES utf8,  @@SESSION.sql_mode = CONCAT(CONCAT(@@sql_mode, ',STRICT_ALL_TABLES'), ',NO_AUTO_VALUE_ON_ZERO'),  @@SESSION.sql_auto_is_null = 0, @@SESSION.wait_timeout = 2147483[0m
  [1m[35m (0.1ms)[0m  [1m[34mSELECT DATABASE() as db[0m
  [1m[35m (0.1ms)[0m  [1m[34mSELECT GET_LOCK(5125918370818447650, 0)[0m
  [1m[35m (0.2ms)[0m  [1m[34mSELECT `schema_migrations`.`version` FROM `schema_migrations` ORDER BY `schema_migrations`.`version` ASC[0m
Migrating to AddPeriodToHolidayRule (20170523131134)
  [1m[35m (409.7ms)[0m  [1m[35mALTER TABLE `holiday_rules` ADD `begins` date[0m
  [1m[35m (401.4ms)[0m  [1m[35mALTER TABLE `holiday_rules` ADD `ends` date[0m
  [1m[35m (0.2ms)[0m  [1m[35mBEGIN[0m
  [1m[35mSQL (0.2ms)[0m  [1m[32mINSERT INTO `schema_migrations` (`version`) VALUES ('20170523131134')[0m
  [1m[35m (38.2ms)[0m  [1m[35mCOMMIT[0m
Migrating to AddHolidayRuleToHolidayRule (20170523132753)
  [1m[35m (426.3ms)[0m  [1m[35mALTER TABLE `holiday_rules` ADD `holiday_rule_id` bigint[0m
  [1m[35m (234.3ms)[0m  [1m[35mCREATE  INDEX `index_holiday_rules_on_holiday_rule_id`  ON `holiday_rules` (`holiday_rule_id`) [0m
  [1m[35m (601.6ms)[0m  [1m[35mALTER TABLE `holiday_rules` ADD CONSTRAINT `fk_rails_14f4e958ef`
FOREIGN KEY (`holiday_rule_id`)
  REFERENCES `holiday_rules` (`id`)
[0m
  [1m[35m (0.2ms)[0m  [1m[35mBEGIN[0m
  [1m[35mSQL (0.2ms)[0m  [1m[32mINSERT INTO `schema_migrations` (`version`) VALUES ('20170523132753')[0m
  [1m[35m (65.2ms)[0m  [1m[35mCOMMIT[0m
  [1m[36mActiveRecord::InternalMetadata Load (0.3ms)[0m  [1m[34mSELECT  `ar_internal_metadata`.* FROM `ar_internal_metadata` WHERE `ar_internal_metadata`.`key` = 'environment' LIMIT 1[0m
  [1m[35m (0.2ms)[0m  [1m[35mBEGIN[0m
  [1m[35mSQL (0.3ms)[0m  [1m[32mINSERT INTO `ar_internal_metadata` (`key`, `value`, `created_at`, `updated_at`) VALUES ('environment', 'development', '2017-05-23 15:18:27', '2017-05-23 15:18:27')[0m
  [1m[35m (33.1ms)[0m  [1m[35mCOMMIT[0m
  [1m[35m (0.3ms)[0m  [1m[34mSELECT RELEASE_LOCK(5125918370818447650)[0m
  [1m[35m (0.3ms)[0m  [1m[34mSELECT `schema_migrations`.`version` FROM `schema_migrations` ORDER BY `schema_migrations`.`version` ASC[0m
  [1m[35m (0.3ms)[0m  [1m[35mSHOW CREATE TABLE `holiday_rules`[0m
  [1m[35m (0.4ms)[0m  [1m[35mSHOW TABLE STATUS LIKE 'holiday_rules'[0m
  [1m[35m (0.3ms)[0m  [1m[35mSET NAMES utf8,  @@SESSION.sql_mode = CONCAT(CONCAT(@@sql_mode, ',STRICT_ALL_TABLES'), ',NO_AUTO_VALUE_ON_ZERO'),  @@SESSION.sql_auto_is_null = 0, @@SESSION.wait_timeout = 2147483[0m
  [1m[35m (0.3ms)[0m  [1m[35mBEGIN[0m
  [1m[35mSQL (0.5ms)[0m  [1m[32mINSERT INTO `holiday_rules` (`type`, `created_at`, `updated_at`, `day_of_week_holiday`) VALUES ('HolidayRuleDayOfWeek', '2017-05-23 15:19:46', '2017-05-23 15:19:46', 3)[0m
  [1m[35mSQL (0.4ms)[0m  [1m[32mINSERT INTO `holiday_rules` (`type`, `created_at`, `updated_at`, `begins`, `ends`, `holiday_rule_id`) VALUES ('HolidayRuleWithPeriod', '2017-05-23 15:19:46', '2017-05-23 15:19:46', '2017-05-02', '2017-05-10', 1)[0m
  [1m[35m (76.2ms)[0m  [1m[35mCOMMIT[0m
  [1m[36mHolidayRuleWithPeriod Load (0.5ms)[0m  [1m[34mSELECT  `holiday_rules`.* FROM `holiday_rules` WHERE `holiday_rules`.`type` IN ('HolidayRuleWithPeriod') AND `holiday_rules`.`id` = 1 LIMIT 1[0m
  [1m[36mHolidayRuleWithPeriod Load (0.6ms)[0m  [1m[34mSELECT  `holiday_rules`.* FROM `holiday_rules` WHERE `holiday_rules`.`type` IN ('HolidayRuleWithPeriod') AND `holiday_rules`.`id` = 1 LIMIT 1[0m
  [1m[36mHolidayRuleWithPeriod Load (0.5ms)[0m  [1m[34mSELECT  `holiday_rules`.* FROM `holiday_rules` WHERE `holiday_rules`.`type` IN ('HolidayRuleWithPeriod') AND `holiday_rules`.`id` = 2 LIMIT 1[0m
  [1m[36mHolidayRuleWithPeriod Load (0.5ms)[0m  [1m[34mSELECT  `holiday_rules`.* FROM `holiday_rules` WHERE `holiday_rules`.`type` IN ('HolidayRuleWithPeriod') AND `holiday_rules`.`id` = 0 LIMIT 1[0m
  [1m[36mHolidayRuleWithPeriod Load (0.5ms)[0m  [1m[34mSELECT  `holiday_rules`.* FROM `holiday_rules` WHERE `holiday_rules`.`type` IN ('HolidayRuleWithPeriod') AND `holiday_rules`.`id` = 3 LIMIT 1[0m
  [1m[36mHolidayRuleWithPeriod Load (0.5ms)[0m  [1m[34mSELECT  `holiday_rules`.* FROM `holiday_rules` WHERE `holiday_rules`.`type` IN ('HolidayRuleWithPeriod') AND `holiday_rules`.`id` = 2 LIMIT 1[0m
  [1m[36mHolidayRuleWithPeriod Load (1.8ms)[0m  [1m[34mSELECT  `holiday_rules`.* FROM `holiday_rules` WHERE `holiday_rules`.`type` IN ('HolidayRuleWithPeriod') AND `holiday_rules`.`id` = 2 LIMIT 1[0m
  [1m[36mHolidayRuleWithPeriod Load (0.4ms)[0m  [1m[34mSELECT  `holiday_rules`.* FROM `holiday_rules` WHERE `holiday_rules`.`type` IN ('HolidayRuleWithPeriod') AND `holiday_rules`.`id` = 2 LIMIT 1[0m
  [1m[36mHolidayRuleWithPeriod Load (0.5ms)[0m  [1m[34mSELECT  `holiday_rules`.* FROM `holiday_rules` WHERE `holiday_rules`.`type` IN ('HolidayRuleWithPeriod') AND `holiday_rules`.`id` = 2 LIMIT 1[0m
  [1m[36mHolidayRule Load (0.5ms)[0m  [1m[34mSELECT  `holiday_rules`.* FROM `holiday_rules` WHERE `holiday_rules`.`id` = 1 LIMIT 1[0m
  [1m[36mHolidayRule Load (0.5ms)[0m  [1m[34mSELECT  `holiday_rules`.* FROM `holiday_rules` WHERE `holiday_rules`.`id` = 1 LIMIT 1[0m
  [1m[36mHolidayRuleWithPeriod Load (0.5ms)[0m  [1m[34mSELECT  `holiday_rules`.* FROM `holiday_rules` WHERE `holiday_rules`.`type` IN ('HolidayRuleWithPeriod') AND `holiday_rules`.`id` = 2 LIMIT 1[0m
  [1m[36mHolidayRule Load (0.4ms)[0m  [1m[34mSELECT  `holiday_rules`.* FROM `holiday_rules` WHERE `holiday_rules`.`id` = 1 LIMIT 1[0m
  [1m[35m (0.4ms)[0m  [1m[35mSET NAMES utf8,  @@SESSION.sql_mode = CONCAT(CONCAT(@@sql_mode, ',STRICT_ALL_TABLES'), ',NO_AUTO_VALUE_ON_ZERO'),  @@SESSION.sql_auto_is_null = 0, @@SESSION.wait_timeout = 2147483[0m
  [1m[35m (0.3ms)[0m  [1m[34mSELECT `schema_migrations`.`version` FROM `schema_migrations` ORDER BY `schema_migrations`.`version` ASC[0m
  [1m[35m (0.3ms)[0m  [1m[34mSELECT `ar_internal_metadata`.`value` FROM `ar_internal_metadata` WHERE `ar_internal_metadata`.`key` = 'environment'[0m
  [1m[35m (0.2ms)[0m  [1m[34mSELECT `schema_migrations`.`version` FROM `schema_migrations` ORDER BY `schema_migrations`.`version` ASC[0m
  [1m[35m (0.2ms)[0m  [1m[34mSELECT `ar_internal_metadata`.`value` FROM `ar_internal_metadata` WHERE `ar_internal_metadata`.`key` = 'environment'[0m
  [1m[35m (0.2ms)[0m  [1m[34mSELECT `schema_migrations`.`version` FROM `schema_migrations` ORDER BY `schema_migrations`.`version` ASC[0m
  [1m[35m (0.2ms)[0m  [1m[34mSELECT `ar_internal_metadata`.`value` FROM `ar_internal_metadata` WHERE `ar_internal_metadata`.`key` = 'environment'[0m
  [1m[35m (0.2ms)[0m  [1m[35mSET NAMES utf8,  @@SESSION.sql_mode = CONCAT(CONCAT(@@sql_mode, ',STRICT_ALL_TABLES'), ',NO_AUTO_VALUE_ON_ZERO'),  @@SESSION.sql_auto_is_null = 0, @@SESSION.wait_timeout = 2147483[0m
  [1m[35m (443.2ms)[0m  [1m[35mDROP DATABASE IF EXISTS `holiday_calendar_dev`[0m
  [1m[35m (0.3ms)[0m  [1m[35mSET NAMES utf8,  @@SESSION.sql_mode = CONCAT(CONCAT(@@sql_mode, ',STRICT_ALL_TABLES'), ',NO_AUTO_VALUE_ON_ZERO'),  @@SESSION.sql_auto_is_null = 0, @@SESSION.wait_timeout = 2147483[0m
  [1m[35m (39.3ms)[0m  [1m[35mDROP DATABASE IF EXISTS `holiday_calendar_test`[0m
  [1m[35m (0.3ms)[0m  [1m[35mSET NAMES utf8,  @@SESSION.sql_mode = CONCAT(CONCAT(@@sql_mode, ',STRICT_ALL_TABLES'), ',NO_AUTO_VALUE_ON_ZERO'),  @@SESSION.sql_auto_is_null = 0, @@SESSION.wait_timeout = 2147483[0m
  [1m[35m (232.5ms)[0m  [1m[35mCREATE TABLE `schema_migrations` (`version` varchar(255) NOT NULL PRIMARY KEY) ENGINE=InnoDB[0m
  [1m[35m (280.9ms)[0m  [1m[35mCREATE TABLE `ar_internal_metadata` (`key` varchar(255) NOT NULL PRIMARY KEY, `value` varchar(255), `created_at` datetime NOT NULL, `updated_at` datetime NOT NULL) ENGINE=InnoDB[0m
  [1m[35m (0.3ms)[0m  [1m[34mSELECT DATABASE() as db[0m
  [1m[35m (0.3ms)[0m  [1m[34mSELECT GET_LOCK(5125918370818447650, 0)[0m
  [1m[35m (0.3ms)[0m  [1m[34mSELECT `schema_migrations`.`version` FROM `schema_migrations` ORDER BY `schema_migrations`.`version` ASC[0m
Migrating to CreateHolidayRules (20170523120522)
  [1m[35m (259.6ms)[0m  [1m[35mCREATE TABLE `holiday_rules` (`id` bigint NOT NULL AUTO_INCREMENT PRIMARY KEY, `type` varchar(255) NOT NULL, `created_at` datetime NOT NULL, `updated_at` datetime NOT NULL) ENGINE=InnoDB[0m
  [1m[35m (0.3ms)[0m  [1m[35mBEGIN[0m
  [1m[35mSQL (0.4ms)[0m  [1m[32mINSERT INTO `schema_migrations` (`version`) VALUES ('20170523120522')[0m
  [1m[35m (36.2ms)[0m  [1m[35mCOMMIT[0m
Migrating to AddDayOfWeekHolidayToHolidayRule (20170523122234)
  [1m[35m (392.3ms)[0m  [1m[35mALTER TABLE `holiday_rules` ADD `day_of_week_holiday` int[0m
  [1m[35m (0.3ms)[0m  [1m[35mBEGIN[0m
  [1m[35mSQL (0.3ms)[0m  [1m[32mINSERT INTO `schema_migrations` (`version`) VALUES ('20170523122234')[0m
  [1m[35m (73.1ms)[0m  [1m[35mCOMMIT[0m
Migrating to AddMonthDayToHolidayRule (20170523125539)
  [1m[35m (393.4ms)[0m  [1m[35mALTER TABLE `holiday_rules` ADD `month` int[0m
  [1m[35m (426.4ms)[0m  [1m[35mALTER TABLE `holiday_rules` ADD `day_of_month_holiday` int[0m
  [1m[35m (0.3ms)[0m  [1m[35mBEGIN[0m
  [1m[35mSQL (0.3ms)[0m  [1m[32mINSERT INTO `schema_migrations` (`version`) VALUES ('20170523125539')[0m
  [1m[35m (31.1ms)[0m  [1m[35mCOMMIT[0m
Migrating to AddDateHolidayToHolidayRule (20170523130039)
  [1m[35m (452.2ms)[0m  [1m[35mALTER TABLE `holiday_rules` ADD `date_holiday` date[0m
  [1m[35m (0.2ms)[0m  [1m[35mBEGIN[0m
  [1m[35mSQL (0.2ms)[0m  [1m[32mINSERT INTO `schema_migrations` (`version`) VALUES ('20170523130039')[0m
  [1m[35m (31.8ms)[0m  [1m[35mCOMMIT[0m
Migrating to AddPeriodToHolidayRule (20170523131134)
  [1m[35m (392.9ms)[0m  [1m[35mALTER TABLE `holiday_rules` ADD `begins` date[0m
  [1m[35m (418.3ms)[0m  [1m[35mALTER TABLE `holiday_rules` ADD `ends` date[0m
  [1m[35m (0.3ms)[0m  [1m[35mBEGIN[0m
  [1m[35mSQL (0.4ms)[0m  [1m[32mINSERT INTO `schema_migrations` (`version`) VALUES ('20170523131134')[0m
  [1m[35m (31.1ms)[0m  [1m[35mCOMMIT[0m
Migrating to AddHolidayRuleToHolidayRule (20170523132753)
  [1m[35m (409.3ms)[0m  [1m[35mALTER TABLE `holiday_rules` ADD `holiday_rule_id` bigint[0m
  [1m[35m (199.4ms)[0m  [1m[35mCREATE  INDEX `index_holiday_rules_on_holiday_rule_id`  ON `holiday_rules` (`holiday_rule_id`) [0m
  [1m[35m (601.9ms)[0m  [1m[35mALTER TABLE `holiday_rules` ADD CONSTRAINT `fk_rails_14f4e958ef`
FOREIGN KEY (`holiday_rule_id`)
  REFERENCES `holiday_rules` (`id`)
[0m
  [1m[35m (0.3ms)[0m  [1m[35mBEGIN[0m
  [1m[35mSQL (0.3ms)[0m  [1m[32mINSERT INTO `schema_migrations` (`version`) VALUES ('20170523132753')[0m
  [1m[35m (39.8ms)[0m  [1m[35mCOMMIT[0m
Migrating to CreateHolidayCalendars (20170523165310)
  [1m[35m (258.6ms)[0m  [1m[35mCREATE TABLE `holiday_calendars` (`id` bigint NOT NULL AUTO_INCREMENT PRIMARY KEY, `holiday_rules` int, `holiday_rule_id` int, `created_at` datetime NOT NULL, `updated_at` datetime NOT NULL) ENGINE=InnoDB[0m
  [1m[35m (0.2ms)[0m  [1m[35mBEGIN[0m
  [1m[35mSQL (0.3ms)[0m  [1m[32mINSERT INTO `schema_migrations` (`version`) VALUES ('20170523165310')[0m
  [1m[35m (31.4ms)[0m  [1m[35mCOMMIT[0m
  [1m[36mActiveRecord::InternalMetadata Load (0.4ms)[0m  [1m[34mSELECT  `ar_internal_metadata`.* FROM `ar_internal_metadata` WHERE `ar_internal_metadata`.`key` = 'environment' LIMIT 1[0m
  [1m[35m (0.2ms)[0m  [1m[35mBEGIN[0m
  [1m[35mSQL (0.4ms)[0m  [1m[32mINSERT INTO `ar_internal_metadata` (`key`, `value`, `created_at`, `updated_at`) VALUES ('environment', 'development', '2017-05-23 16:55:12', '2017-05-23 16:55:12')[0m
  [1m[35m (28.8ms)[0m  [1m[35mCOMMIT[0m
  [1m[35m (0.3ms)[0m  [1m[34mSELECT RELEASE_LOCK(5125918370818447650)[0m
  [1m[35m (0.4ms)[0m  [1m[34mSELECT `schema_migrations`.`version` FROM `schema_migrations` ORDER BY `schema_migrations`.`version` ASC[0m
  [1m[35m (0.3ms)[0m  [1m[35mSHOW CREATE TABLE `holiday_calendars`[0m
  [1m[35m (0.3ms)[0m  [1m[35mSHOW CREATE TABLE `holiday_rules`[0m
  [1m[35m (0.4ms)[0m  [1m[35mSHOW TABLE STATUS LIKE 'holiday_rules'[0m
